30-09-2022   -   [20:52]   	Tai Khoan: kakaken1   -   Ten: BÐÙHétÙLuÙ   -   Ep Thanh Cong Vu Khi Phat Sang
30-09-2022   -   [22:7]   	Tai Khoan: kakaken1   -   Ten: BÐÙHétÙLuÙ   -   Ep Thanh Cong Vu Khi Phat Sang
30-09-2022   -   [22:26]   	Tai Khoan: ymottc   -   Ten: MrBeenGirl   -   Ep Thanh Cong Vu Khi Phat Sang
30-09-2022   -   [23:12]   	Tai Khoan: ymottc   -   Ten: MrBeenGirl   -   Ep Thanh Cong Vu Khi Phat Sang
30-09-2022   -   [23:26]   	Tai Khoan: thientungbds2022   -   Ten: L¸ÙChµÙBånÙ   -   Ep Thanh Cong Vu Khi Phat Sang
01-10-2022   -   [0:9]   	Tai Khoan: kenzy1111   -   Ten: 1m72Ù18cm   -   Ep Thanh Cong Vu Khi Phat Sang
01-10-2022   -   [0:52]   	Tai Khoan: kenzy2222   -   Ten: 18cmÙCLK   -   Ep Thanh Cong Vu Khi Phat Sang
01-10-2022   -   [6:15]   	Tai Khoan: 00caytien   -   Ten: TYCÙNo1   -   Ep Thanh Cong Vu Khi Phat Sang
01-10-2022   -   [8:58]   	Tai Khoan: kimngan001   -   Ten: BèÙGiµÙGaming   -   Ep Thanh Cong Vu Khi Phat Sang
01-10-2022   -   [8:59]   	Tai Khoan: kimngan001   -   Ten: BèÙGiµÙGaming   -   Ep Thanh Cong Vu Khi Phat Sang
01-10-2022   -   [9:32]   	Tai Khoan: kimngan001   -   Ten: BèÙGiµÙGaming   -   Ep Thanh Cong Vu Khi Phat Sang
01-10-2022   -   [11:55]   	Tai Khoan: xl0106   -   Ten: L«iÙ06   -   Ep Thanh Cong Vu Khi Phat Sang
01-10-2022   -   [11:59]   	Tai Khoan: xl0102   -   Ten: L«iÙ01   -   Ep Thanh Cong Vu Khi Phat Sang
01-10-2022   -   [12:1]   	Tai Khoan: xl0101   -   Ten: H¾cÙLong   -   Ep Thanh Cong Vu Khi Phat Sang
01-10-2022   -   [17:0]   	Tai Khoan: phuongqn5   -   Ten: CBÙBª§ª   -   Ep Thanh Cong Vu Khi Phat Sang
01-10-2022   -   [18:36]   	Tai Khoan: kimngan001   -   Ten: BèÙGiµÙGaming   -   Ep Thanh Cong Vu Khi Phat Sang
01-10-2022   -   [19:53]   	Tai Khoan: kakaken1   -   Ten: §iT×mC«ngB»ng   -   Ep Thanh Cong Vu Khi Phat Sang
01-10-2022   -   [19:56]   	Tai Khoan: xuxu00   -   Ten: BoLaoTuBe   -   Ep Thanh Cong Vu Khi Phat Sang
01-10-2022   -   [19:57]   	Tai Khoan: thanhtruong12   -   Ten: TrôÙV­¬ng   -   Ep Thanh Cong Vu Khi Phat Sang
01-10-2022   -   [20:0]   	Tai Khoan: baogiab53   -   Ten: CLbaogiab53   -   Ep Thanh Cong Vu Khi Phat Sang
01-10-2022   -   [20:27]   	Tai Khoan: baogiab57   -   Ten: VDbaogiab57   -   Ep Thanh Cong Vu Khi Phat Sang
01-10-2022   -   [21:4]   	Tai Khoan: ymottc   -   Ten: MrBeenGirl   -   Ep Thanh Cong Vu Khi Phat Sang
01-10-2022   -   [22:37]   	Tai Khoan: ymottc   -   Ten: MrBeenGirl   -   Ep Thanh Cong Vu Khi Phat Sang
01-10-2022   -   [23:8]   	Tai Khoan: kubom01   -   Ten: C«ngbè   -   Ep Thanh Cong Vu Khi Phat Sang
