DateTime	Operation	Account	Role	Reason
DateTime	Operation	Account	Role	Reason
DateTime	Operation	Account	Role	Reason
DateTime	Operation	Account	Role	Reason
DateTime	Operation	Account	Role	Reason
DateTime	Operation	Account	Role	Reason
DateTime	Operation	Account	Role	Reason
DateTime	Operation	Account	Role	Reason
DateTime	Operation	Account	Role	Reason
DateTime	Operation	Account	Role	Reason
DateTime	Operation	Account	Role	Reason
DateTime	Operation	Account	Role	Reason
DateTime	Operation	Account	Role	Reason
DateTime	Operation	Account	Role	Reason
DateTime	Operation	Account	Role	Reason
DateTime	Operation	Account	Role	Reason
DateTime	Operation	Account	Role	Reason
DateTime	Operation	Account	Role	Reason
DateTime	Operation	Account	Role	Reason
DateTime	Operation	Account	Role	Reason
DateTime	Operation	Account	Role	Reason
DateTime	Operation	Account	Role	Reason
DateTime	Operation	Account	Role	Reason
DateTime	Operation	Account	Role	Reason
DateTime	Operation	Account	Role	Reason
DateTime	Operation	Account	Role	Reason
DateTime	Operation	Account	Role	Reason
DateTime	Operation	Account	Role	Reason
DateTime	Operation	Account	Role	Reason
DateTime	Operation	Account	Role	Reason
DateTime	Operation	Account	Role	Reason
DateTime	Operation	Account	Role	Reason
DateTime	Operation	Account	Role	Reason
DateTime	Operation	Account	Role	Reason
DateTime	Operation	Account	Role	Reason
2024-02-01 14:46:14	AddIntoRoleBack	skendy	Test123	ByPlayer
2024-02-01 14:51:32	AddIntoRoleBack	skendy	12ffggg	ByPlayer
2024-02-01 14:59:47	AddIntoRoleBack	skendy	NMtientu	ByPlayer
2024-02-01 16:09:43	AddIntoRoleBack	skendy	123ass	ByPlayer
2024-02-01 16:12:47	AddIntoRoleBack	skendy	4356fgb	ByPlayer
DateTime	Operation	Account	Role	Reason
2024-02-02 11:03:47	AddIntoRoleBack	skendy	gfgdfg	ByPlayer
2024-02-02 11:28:08	AddIntoRoleBack	skendy	12hgfgfg	ByPlayer
2024-02-02 11:29:27	AddIntoRoleBack	skendy	123123	ByPlayer
2024-02-02 11:30:34	AddIntoRoleBack	skendy	123123123	ByPlayer
2024-02-02 15:08:58	AddIntoRoleBack	skendy	skendy	ByPlayer
2024-02-02 15:16:42	AddIntoRoleBack	skendy	5doctest1	ByPlayer
2024-02-02 15:47:12	AddIntoRoleBack	skendy	Tewsss	ByPlayer
2024-02-02 16:03:17	AddIntoRoleBack	skendy	áe1231a	ByPlayer
2024-02-02 16:25:54	AddIntoRoleBack	skendy	123¸dfsdf	ByPlayer
DateTime	Operation	Account	Role	Reason
DateTime	Operation	Account	Role	Reason
2024-02-11 16:41:13	AddIntoRoleBack	toan1	testgfame	ByPlayer
2024-02-11 17:01:40	AddIntoRoleBack	toan1	test5doc1	ByPlayer
2024-02-11 17:12:10	AddIntoRoleBack	toan1	123dfgh	ByPlayer
2024-02-11 17:13:56	AddIntoRoleBack	toan1	123456fd	ByPlayer
2024-02-11 17:19:49	AddIntoRoleBack	toan1	1231231¸®¸	ByPlayer
2024-02-11 19:49:54	AddIntoRoleBack	toan1	123xdfsdf	ByPlayer
2024-02-11 19:52:00	AddIntoRoleBack	toan1	34123sdfv	ByPlayer
2024-02-11 21:37:43	AddIntoRoleBack	toan1	1231244fgf	ByPlayer
2024-02-11 21:45:45	AddIntoRoleBack	toan1	123¸d123	ByPlayer
2024-02-11 22:15:49	AddIntoRoleBack	toan1	123fghxcv	ByPlayer
2024-02-11 22:15:55	AddIntoRoleBack	toan1	1231234345dgd	ByPlayer
2024-02-11 23:28:06	AddIntoRoleBack	damme	wefrwerw	ByPlayer
2024-02-11 23:28:16	AddIntoRoleBack	damme	25251325	ByPlayer
2024-02-11 23:39:49	AddIntoRoleBack	damme	1313150	ByPlayer
2024-02-11 23:55:39	AddIntoRoleBack	mrchubo3	1113333	ByPlayer
2024-02-11 23:55:51	AddIntoRoleBack	mrchubo3	12222313131	ByPlayer
2024-02-11 23:56:42	AddIntoRoleBack	damme	frgjhfghj	ByPlayer
2024-02-12 01:06:08	AddIntoRoleBack	damme	252513252	ByPlayer
2024-02-12 01:22:41	AddIntoRoleBack	damme1	220302	ByPlayer
2024-02-12 01:22:57	AddIntoRoleBack	damme1	220022	ByPlayer
2024-02-12 02:29:06	AddIntoRoleBack	damme	2525132525	ByPlayer
2024-02-12 06:15:25	AddIntoRoleBack	mrchubo3	1231123111	ByPlayer
2024-02-12 07:20:50	AddIntoRoleBack	mrchubo3	123111111	ByPlayer
2024-02-12 07:20:55	AddIntoRoleBack	mrchubo3	12211211	ByPlayer
2024-02-12 10:07:19	AddIntoRoleBack	toan1	¸d1223	ByPlayer
2024-02-12 10:13:33	AddIntoRoleBack	toan1	123xdfsd	ByPlayer
DateTime	Operation	Account	Role	Reason
2024-02-12 14:59:30	AddIntoRoleBack	damme	TestÙCLS	ByPlayer
2024-02-12 14:59:37	AddIntoRoleBack	damme	123ád123	ByPlayer
2024-02-12 17:32:39	AddIntoRoleBack	damme	25252525	ByPlayer
2024-02-12 22:27:54	AddIntoRoleBack	damme	25251352	ByPlayer
2024-02-12 23:53:01	AddIntoRoleBack	damme	252513523	ByPlayer
2024-02-13 04:08:03	AddIntoRoleBack	damme	rtjhtjbdf	ByPlayer
2024-02-13 10:29:08	AddIntoRoleBack	toan1	TestVD1	ByPlayer
2024-02-13 10:29:13	AddIntoRoleBack	toan1	szdfsdf234	ByPlayer
2024-02-13 10:37:16	AddIntoRoleBack	toan1	12345dfgdfg	RENAME_COMPLETE
2024-02-13 12:01:28	AddIntoRoleBack	damme1	35353636	ByPlayer
2024-02-13 17:43:53	AddIntoRoleBack	toan1	123sdf1	ByPlayer
2024-02-14 00:34:50	AddIntoRoleBack	damme	25254325	ByPlayer
2024-02-14 03:43:27	AddIntoRoleBack	damme	TestÙÙNMC	ByPlayer
2024-02-15 02:09:04	AddIntoRoleBack	damme	TestÙÙDMBV	ByPlayer
