Thêi gian : 10/01/2022_19:32:49  - Tµi kho¶n [ letam1209 ] - Nh©n vËt : [ ÙTigerÙ ] - hwidcount : [3] - acc : [1] - iplan : [3]- ipcount : [3] - kick by [10]
Thêi gian : 10/01/2022_21:01:41  - Tµi kho¶n [ baogiab54 ] - Nh©n vËt : [ NMbaogiab54 ] - hwidcount : [6] - acc : [3] - iplan : [6]- ipcount : [6] - kick by [10]
Thêi gian : 10/01/2022_21:02:07  - Tµi kho¶n [ baogiab52 ] - Nh©n vËt : [ TLbaogiab52 ] - hwidcount : [6] - acc : [1] - iplan : [6]- ipcount : [6] - kick by [10]
Thêi gian : 10/01/2022_21:02:18  - Tµi kho¶n [ baogiab55 ] - Nh©n vËt : [ 5Dbaogiab55 ] - hwidcount : [6] - acc : [4] - iplan : [6]- ipcount : [6] - kick by [10]
Thêi gian : 10/01/2022_21:02:34  - Tµi kho¶n [ baogiab56 ] - Nh©n vËt : [ CLbaogiab56 ] - hwidcount : [6] - acc : [5] - iplan : [6]- ipcount : [6] - kick by [10]
Thêi gian : 10/01/2022_21:03:10  - Tµi kho¶n [ baogiab57 ] - Nh©n vËt : [ VDbaogiab57 ] - hwidcount : [5] - acc : [6] - iplan : [5]- ipcount : [5] - kick by [10]
Thêi gian : 10/02/2022_18:09:25  - Tµi kho¶n [ 04caytien ] - Nh©n vËt : [ NSNDÙVDQ ] - hwidcount : [6] - acc : [5] - iplan : [6]- ipcount : [13] - kick by [10]
Thêi gian : 10/02/2022_18:10:51  - Tµi kho¶n [ 00caytien ] - Nh©n vËt : [ NSNDÙDMPD ] - hwidcount : [6] - acc : [1] - iplan : [6]- ipcount : [13] - kick by [10]
Thêi gian : 10/02/2022_19:06:56  - Tµi kho¶n [ hao220494 ] - Nh©n vËt : [ SaoÙCòngÙ§­îc ] - hwidcount : [4] - acc : [1] - iplan : [4]- ipcount : [4] - kick by [10]
Thêi gian : 10/02/2022_19:25:13  - Tµi kho¶n [ 04caytien ] - Nh©n vËt : [ NSNDÙVDQ ] - hwidcount : [5] - acc : [5] - iplan : [5]- ipcount : [12] - kick by [10]
Thêi gian : 10/02/2022_19:25:14  - Tµi kho¶n [ 03caytien ] - Nh©n vËt : [ NSNDÙNMC ] - hwidcount : [4] - acc : [4] - iplan : [4]- ipcount : [11] - kick by [10]
Thêi gian : 10/02/2022_19:25:16  - Tµi kho¶n [ 01caytien ] - Nh©n vËt : [ NSNDÙ5DC ] - hwidcount : [3] - acc : [2] - iplan : [3]- ipcount : [10] - kick by [10]
Thêi gian : 10/02/2022_19:33:33  - Tµi kho¶n [ hao220495 ] - Nh©n vËt : [ XeTank1 ] - hwidcount : [6] - acc : [2] - iplan : [6]- ipcount : [6] - kick by [10]
Thêi gian : 10/02/2022_21:54:28  - Tµi kho¶n [ 12312311 ] - Nh©n vËt : [ 01ÙPhongKaÙ01 ] - hwidcount : [2] - acc : [1] - iplan : [2]- ipcount : [2] - kick by [10]
Thêi gian : 10/03/2022_17:31:22  - Tµi kho¶n [ hoangxuanthom ] - Nh©n vËt : [ DungÙNhi ] - hwidcount : [5] - acc : [7] - iplan : [5]- ipcount : [5] - kick by [10]
Thêi gian : 10/03/2022_17:31:24  - Tµi kho¶n [ hoangxuanthom4 ] - Nh©n vËt : [ ThienÙNhan ] - hwidcount : [5] - acc : [6] - iplan : [5]- ipcount : [5] - kick by [10]
Thêi gian : 10/03/2022_17:31:39  - Tµi kho¶n [ hoangxuanthom2 ] - Nh©n vËt : [ DuongÙMon ] - hwidcount : [5] - acc : [6] - iplan : [5]- ipcount : [5] - kick by [10]
Thêi gian : 10/04/2022_13:02:44  - Tµi kho¶n [ caubecctm ] - Nh©n vËt : [ TrÇnÙC«ngÙTö ] - hwidcount : [2] - acc : [1] - iplan : [2]- ipcount : [2] - kick by [10]
Thêi gian : 10/04/2022_13:04:01  - Tµi kho¶n [ caubecctm1 ] - Nh©n vËt : [ §iÖnÙCaoÙThÕ ] - hwidcount : [2] - acc : [1] - iplan : [2]- ipcount : [2] - kick by [10]
Thêi gian : 10/05/2022_12:01:07  - Tµi kho¶n [ lethanhson1996 ] - Nh©n vËt : [ NgòÙ§éc ] - hwidcount : [6] - acc : [5] - iplan : [6]- ipcount : [13] - kick by [10]
Thêi gian : 10/05/2022_12:01:07  - Tµi kho¶n [ lethanhson1995 ] - Nh©n vËt : [ NgaÙMy ] - hwidcount : [6] - acc : [5] - iplan : [6]- ipcount : [13] - kick by [10]
Thêi gian : 10/05/2022_12:01:10  - Tµi kho¶n [ lethanhson1997 ] - Nh©n vËt : [ ThiÕuÙL©m ] - hwidcount : [6] - acc : [1] - iplan : [6]- ipcount : [13] - kick by [10]
Thêi gian : 10/05/2022_12:01:20  - Tµi kho¶n [ lethanhson1993 ] - Nh©n vËt : [ 70ÙPinÙNguyÔn ] - hwidcount : [6] - acc : [1] - iplan : [6]- ipcount : [13] - kick by [10]
Thêi gian : 10/05/2022_12:34:43  - Tµi kho¶n [ lethanhson1994 ] - Nh©n vËt : [ VâÙ§ang ] - hwidcount : [5] - acc : [5] - iplan : [5]- ipcount : [12] - kick by [10]
Thêi gian : 10/05/2022_12:34:43  - Tµi kho¶n [ lethanhson1997 ] - Nh©n vËt : [ ThiÕuÙL©m ] - hwidcount : [5] - acc : [5] - iplan : [5]- ipcount : [12] - kick by [10]
Thêi gian : 10/05/2022_12:34:49  - Tµi kho¶n [ lethanhson1996 ] - Nh©n vËt : [ NgòÙ§éc ] - hwidcount : [5] - acc : [4] - iplan : [5]- ipcount : [12] - kick by [10]
Thêi gian : 10/05/2022_12:35:13  - Tµi kho¶n [ lethanhson1995 ] - Nh©n vËt : [ NgaÙMy ] - hwidcount : [5] - acc : [3] - iplan : [5]- ipcount : [12] - kick by [10]
