Thêi gian : 09/30/2022_21:31:11  - Tµi kho¶n [ caubecctm ] - Nh©n vËt : [ TrÇnÙC«ngÙTö ] - hwidcount : [1] - acc : [1] - iplan : [1]- ipcount : [1]
Thêi gian : 09/30/2022_21:34:22  - Tµi kho¶n [ caubecctm ] - Nh©n vËt : [ TrÇnÙC«ngÙTö ] - hwidcount : [1] - acc : [1] - iplan : [1]- ipcount : [1]
Thêi gian : 09/30/2022_21:49:14  - Tµi kho¶n [ caubecctm ] - Nh©n vËt : [ TrÇnÙC«ngÙTö ] - hwidcount : [1] - acc : [1] - iplan : [1]- ipcount : [1]
Thêi gian : 09/30/2022_21:51:13  - Tµi kho¶n [ caubecctm ] - Nh©n vËt : [ TrÇnÙC«ngÙTö ] - hwidcount : [1] - acc : [1] - iplan : [1]- ipcount : [1]
Thêi gian : 09/30/2022_22:08:14  - Tµi kho¶n [ caubecctm ] - Nh©n vËt : [ TrÇnÙC«ngÙTö ] - hwidcount : [1] - acc : [1] - iplan : [1]- ipcount : [1]
Thêi gian : 09/30/2022_22:27:26  - Tµi kho¶n [ caubecctm ] - Nh©n vËt : [ TrÇnÙC«ngÙTö ] - hwidcount : [1] - acc : [1] - iplan : [1]- ipcount : [1]
Thêi gian : 09/30/2022_22:41:57  - Tµi kho¶n [ caubecctm ] - Nh©n vËt : [ TrÇnÙC«ngÙTö ] - hwidcount : [1] - acc : [1] - iplan : [1]- ipcount : [1]
Thêi gian : 10/03/2022_11:10:40  - Tµi kho¶n [ tinuic1 ] - Nh©n vËt : [ BemBem ] - hwidcount : [4] - acc : [1] - iplan : [4]- ipcount : [4]
Thêi gian : 10/03/2022_11:11:01  - Tµi kho¶n [ tinuic4 ] - Nh©n vËt : [ MeoMeo ] - hwidcount : [3] - acc : [4] - iplan : [3]- ipcount : [3]
Thêi gian : 10/03/2022_11:11:11  - Tµi kho¶n [ tinuic3 ] - Nh©n vËt : [ BUnBUn ] - hwidcount : [2] - acc : [3] - iplan : [2]- ipcount : [2]
Thêi gian : 10/03/2022_11:11:14  - Tµi kho¶n [ tinuic2 ] - Nh©n vËt : [ BumBUm ] - hwidcount : [1] - acc : [2] - iplan : [1]- ipcount : [1]
Thêi gian : 10/04/2022_08:29:09  - Tµi kho¶n [ caubecctm ] - Nh©n vËt : [ TrÇnÙC«ngÙTö ] - hwidcount : [1] - acc : [1] - iplan : [1]- ipcount : [1]
Thêi gian : 10/04/2022_12:43:02  - Tµi kho¶n [ caubecctm ] - Nh©n vËt : [ TrÇnÙC«ngÙTö ] - hwidcount : [1] - acc : [1] - iplan : [1]- ipcount : [1]
Thêi gian : 10/04/2022_12:46:46  - Tµi kho¶n [ caubecctm ] - Nh©n vËt : [ TrÇnÙC«ngÙTö ] - hwidcount : [1] - acc : [1] - iplan : [1]- ipcount : [1]
Thêi gian : 10/04/2022_12:56:11  - Tµi kho¶n [ caubecctm1 ] - Nh©n vËt : [ §iÖnÙCaoÙThÕ ] - hwidcount : [2] - acc : [2] - iplan : [2]- ipcount : [2]
Thêi gian : 10/05/2022_15:40:04  - Tµi kho¶n [ khanhmy ] - Nh©n vËt : [ KhuªÙMécÙLang ] - hwidcount : [6] - acc : [1] - iplan : [6]- ipcount : [6]
Thêi gian : 10/05/2022_15:42:32  - Tµi kho¶n [ khanhmy1 ] - Nh©n vËt : [ Khuemoclang1 ] - hwidcount : [6] - acc : [2] - iplan : [6]- ipcount : [6]
Thêi gian : 10/05/2022_15:42:42  - Tµi kho¶n [ khanhmy2 ] - Nh©n vËt : [ Khuemoclang2 ] - hwidcount : [6] - acc : [3] - iplan : [6]- ipcount : [6]
Thêi gian : 10/05/2022_15:42:43  - Tµi kho¶n [ khanhmy4 ] - Nh©n vËt : [ Khuemoxlang5 ] - hwidcount : [6] - acc : [5] - iplan : [6]- ipcount : [6]
Thêi gian : 10/05/2022_15:42:46  - Tµi kho¶n [ khanhmy5 ] - Nh©n vËt : [ Khuemoclang6 ] - hwidcount : [5] - acc : [6] - iplan : [5]- ipcount : [5]
Thêi gian : 10/05/2022_15:43:45  - Tµi kho¶n [ khanhmy ] - Nh©n vËt : [ KhuªÙMécÙLang ] - hwidcount : [4] - acc : [6] - iplan : [4]- ipcount : [4]
Thêi gian : 10/05/2022_15:52:38  - Tµi kho¶n [ khanhmy ] - Nh©n vËt : [ KhuªÙMécÙLang ] - hwidcount : [1] - acc : [4] - iplan : [1]- ipcount : [1]
Thêi gian : 10/05/2022_15:55:08  - Tµi kho¶n [ khanhmy ] - Nh©n vËt : [ KhuªÙMécÙLang ] - hwidcount : [1] - acc : [1] - iplan : [1]- ipcount : [1]
Thêi gian : 10/08/2022_13:04:41  - Tµi kho¶n [ anhsangtim3 ] - Nh©n vËt : [ TieuYeuTinh ] - hwidcount : [1] - acc : [1] - iplan : [1]- ipcount : [1]
Thêi gian : 10/08/2022_13:07:34  - Tµi kho¶n [ anhsangtim3 ] - Nh©n vËt : [ TieuYeuTinh ] - hwidcount : [1] - acc : [2] - iplan : [1]- ipcount : [1]
Thêi gian : 10/08/2022_13:10:18  - Tµi kho¶n [ anhsangtim3 ] - Nh©n vËt : [ TieuYeuTinh ] - hwidcount : [1] - acc : [1] - iplan : [1]- ipcount : [1]
Thêi gian : 10/08/2022_13:13:41  - Tµi kho¶n [ anhsangtim3 ] - Nh©n vËt : [ TieuYeuTinh ] - hwidcount : [1] - acc : [1] - iplan : [1]- ipcount : [1]
Thêi gian : 10/08/2022_19:10:42  - Tµi kho¶n [ trumso ] - Nh©n vËt : [ Aliyaa ] - hwidcount : [1] - acc : [1] - iplan : [1]- ipcount : [1]
Thêi gian : 10/08/2022_19:17:37  - Tµi kho¶n [ trumso ] - Nh©n vËt : [ Aliyaa ] - hwidcount : [1] - acc : [1] - iplan : [1]- ipcount : [1]
Thêi gian : 10/08/2022_20:09:08  - Tµi kho¶n [ trumso ] - Nh©n vËt : [ Aliyaa ] - hwidcount : [1] - acc : [1] - iplan : [1]- ipcount : [1]
Thêi gian : 10/08/2022_20:44:45  - Tµi kho¶n [ trumso ] - Nh©n vËt : [ Aliyaa ] - hwidcount : [1] - acc : [1] - iplan : [1]- ipcount : [1]
