ŸŸS©mŸŸ:SubWorldID:80
Region:853
Pos:(5,1)-(0,0)
KimNguy™nB∂0:SubWorldID:227
Region:255
Pos:(0,4)-(0,0)
YBKhanhAn:SubWorldID:176
Region:1190
Pos:(13,12)-(0,0)
ND0000:SubWorldID:176
Region:1190
Pos:(13,12)-(0,0)
ŸŸS©mŸŸ:SubWorldID:198
Region:229
Pos:(10,8)-(0,0)
PussyS:SubWorldID:37
Region:2524
Pos:(10,29)-(0,0)
ŸŸS©mŸŸ:SubWorldID:37
Region:2524
Pos:(10,29)-(0,0)
ŸŸThienŸŸ:SubWorldID:37
Region:2524
Pos:(10,29)-(0,0)
DNbufbua:SubWorldID:154
Region:1549
Pos:(2,16)-(0,0)
LGzzNhutHPzz:SubWorldID:115
Region:106
Pos:(2,14)-(0,0)
Ph∏Game:SubWorldID:45
Region:106
Pos:(7,15)-(0,0)
Ph∏Game:SubWorldID:340
Region:895
Pos:(8,31)-(0,0)
Si™uŸßÈc:SubWorldID:198
Region:211
Pos:(13,21)-(0,0)
RÂngVµngNß:SubWorldID:227
Region:255
Pos:(1,3)-(0,0)
NπcCh´i:SubWorldID:80
Region:428
Pos:(4,19)-(0,0)
Exciter3Ÿ:SubWorldID:181
Region:224
Pos:(7,3)-(0,0)
Ti™n§ngß∏Phﬂ:SubWorldID:80
Region:799
Pos:(4,27)-(0,0)
BuffNhu:SubWorldID:203
Region:367
Pos:(1,19)-(0,0)
occhogh:SubWorldID:183
Region:2529
Pos:(4,20)-(0,0)
ÆÈcteochym:SubWorldID:183
Region:2529
Pos:(4,20)-(0,0)
DNbufbua:SubWorldID:227
Region:361
Pos:(9,29)-(0,0)
bosstien3:SubWorldID:176
Region:1190
Pos:(13,12)-(0,0)
ß≠ÍngŸHÀuŸM´n:SubWorldID:10
Region:37
Pos:(1,28)-(0,0)
KimNguy™nB∂0:SubWorldID:224
Region:322
Pos:(4,11)-(0,0)
ŸBlackŸDevilŸ:SubWorldID:183
Region:2529
Pos:(4,20)-(0,0)
DNbufbua:SubWorldID:45
Region:106
Pos:(7,15)-(0,0)
YBKhanhAn:SubWorldID:37
Region:2596
Pos:(14,23)-(0,0)
ChungVoKet:SubWorldID:198
Region:211
Pos:(13,21)-(0,0)
ß¯cŸDÚng:SubWorldID:224
Region:322
Pos:(4,11)-(0,0)
BLŸTr∂ŸG„p:SubWorldID:203
Region:366
Pos:(15,21)-(0,0)
NŒŸß«u:SubWorldID:154
Region:1549
Pos:(9,10)-(0,0)
NŒŸß«u:SubWorldID:183
Region:2529
Pos:(4,20)-(0,0)
ŸBlackŸDevilŸ:SubWorldID:176
Region:2328
Pos:(7,19)-(0,0)
DNTop1LapBang:SubWorldID:183
Region:2529
Pos:(4,20)-(0,0)
DNbufbua:SubWorldID:183
Region:2529
Pos:(4,20)-(0,0)
BLŸTr∂ŸG„p:SubWorldID:198
Region:229
Pos:(10,8)-(0,0)
ß¯cŸDÚng:SubWorldID:183
Region:2529
Pos:(4,20)-(0,0)
ß≠ÍngŸHÀuŸM´n:SubWorldID:183
Region:2529
Pos:(4,20)-(0,0)
ŸŸS©mŸŸ:SubWorldID:225
Region:178
Pos:(6,8)-(0,0)
DMDMDMDM111:SubWorldID:1
Region:920
Pos:(6,9)-(0,0)
DMDMDMDM111:SubWorldID:198
Region:229
Pos:(10,8)-(0,0)
ßπiŸBµng:SubWorldID:198
Region:229
Pos:(10,8)-(0,0)
Exciter:SubWorldID:198
Region:229
Pos:(10,8)-(0,0)
N mŸYongieŸ:SubWorldID:78
Region:432
Pos:(9,0)-(0,0)
Bosss02:SubWorldID:224
Region:322
Pos:(4,11)-(0,0)
Bosss02:SubWorldID:205
Region:262
Pos:(9,1)-(0,0)
TrongDanh:SubWorldID:80
Region:852
Pos:(10,10)-(0,0)
Tri÷uHoaTi™n:SubWorldID:76
Region:195
Pos:(13,26)-(0,0)
ŸTruy“nŸ:SubWorldID:75
Region:35
Pos:(3,7)-(0,0)
Ÿß≠ÍngŸ:SubWorldID:75
Region:35
Pos:(3,7)-(0,0)
KeyHeros:SubWorldID:75
Region:35
Pos:(3,7)-(0,0)
Ÿß≠ÍngŸ:SubWorldID:75
Region:142
Pos:(6,15)-(0,0)
ŸTruy“nŸ:SubWorldID:75
Region:142
Pos:(6,15)-(0,0)
KeyHeros:SubWorldID:75
Region:142
Pos:(6,15)-(0,0)
Ÿß≠ÍngŸ:SubWorldID:1
Region:407
Pos:(6,2)-(0,0)
ŸTruy“nŸ:SubWorldID:78
Region:407
Pos:(7,1)-(0,0)
Ÿß≠ÍngŸ:SubWorldID:78
Region:407
Pos:(7,1)-(0,0)
ŸŸM´nŸŸ:SubWorldID:78
Region:407
Pos:(7,1)-(0,0)
DKMŸLagŸTH:SubWorldID:78
Region:407
Pos:(7,1)-(0,0)
connocnoc:SubWorldID:45
Region:106
Pos:(7,15)-(0,0)
31323123131:SubWorldID:75
Region:35
Pos:(3,7)-(0,0)
clbuff:SubWorldID:75
Region:142
Pos:(6,15)-(0,0)
Ÿß≠ÍngŸ:SubWorldID:1
Region:480
Pos:(10,12)-(0,0)
ŸOcTieuŸ:SubWorldID:224
Region:322
Pos:(4,11)-(0,0)
Th«nŸH·a:SubWorldID:198
Region:229
Pos:(11,7)-(0,0)
ŸŸGohanŸ:SubWorldID:37
Region:1414
Pos:(5,0)-(0,0)
47ŸR¨mŸR¨m:SubWorldID:78
Region:432
Pos:(8,1)-(0,0)
ŸŸMŸiŸŸdŸŸDŸo:SubWorldID:162
Region:304
Pos:(13,27)-(0,0)
ŸRŸiŸvŸeŸnŸ:SubWorldID:162
Region:304
Pos:(13,27)-(0,0)
ŸSŸoŸnŸŸa:SubWorldID:162
Region:304
Pos:(13,27)-(0,0)
Dukkuyomuko:SubWorldID:181
Region:224
Pos:(7,3)-(0,0)
Th«nŸH·a:SubWorldID:11
Region:1312
Pos:(11,7)-(0,0)
Th«nŸßÈc:SubWorldID:11
Region:1312
Pos:(11,7)-(0,0)
Th«nŸH·a:SubWorldID:11
Region:1312
Pos:(11,7)-(0,0)
Th«nŸTi‘n:SubWorldID:198
Region:229
Pos:(11,7)-(0,0)
Th«nŸTi‘n:SubWorldID:37
Region:2596
Pos:(7,24)-(0,0)
Th«nŸßÈc:SubWorldID:322
Region:477
Pos:(13,25)-(0,0)
Th«nŸH·a:SubWorldID:322
Region:477
Pos:(13,25)-(0,0)
ŸBugatti:SubWorldID:225
Region:140
Pos:(0,31)-(0,0)
ŸŸGohanŸ:SubWorldID:75
Region:35
Pos:(3,7)-(0,0)
ŸŸŸŸBacCaiŸŸŸŸŸ:SubWorldID:181
Region:224
Pos:(6,11)-(0,0)
ŸŸGoten:SubWorldID:321
Region:1152
Pos:(7,15)-(0,0)
ŸŸGohanŸ:SubWorldID:321
Region:1152
Pos:(7,15)-(0,0)
ChanSon:SubWorldID:80
Region:852
Pos:(10,10)-(0,0)
Linhthienthan:SubWorldID:80
Region:852
Pos:(10,10)-(0,0)
bememdi:SubWorldID:162
Region:304
Pos:(0,24)-(0,0)
ŸFerrariŸ:SubWorldID:75
Region:51
Pos:(14,29)-(0,0)
ŸBugatti:SubWorldID:75
Region:51
Pos:(14,29)-(0,0)
MabuuŸ:SubWorldID:224
Region:139
Pos:(3,14)-(0,0)
ŸŸŸŸBacCaiŸŸŸŸND:SubWorldID:224
Region:139
Pos:(3,14)-(0,0)
SuperŸFilipcucu:SubWorldID:162
Region:873
Pos:(14,1)-(0,0)
MabuuŸ:SubWorldID:78
Region:487
Pos:(5,2)-(0,0)
BrolyŸ:SubWorldID:78
Region:487
Pos:(5,2)-(0,0)
ŸPanŸŸ:SubWorldID:78
Region:487
Pos:(5,2)-(0,0)
FreezaŸ:SubWorldID:225
Region:103
Pos:(2,20)-(0,0)
ŸCellŸŸ:SubWorldID:225
Region:103
Pos:(2,20)-(0,0)
o0oTNo0o:SubWorldID:225
Region:140
Pos:(0,31)-(0,0)
ŸFerrariŸ:SubWorldID:203
Region:366
Pos:(15,21)-(0,0)
D©mŸDÙcŸC´ngŸTˆ:SubWorldID:181
Region:76
Pos:(10,21)-(0,0)
Th«nŸßÈc:SubWorldID:154
Region:1549
Pos:(9,10)-(0,0)
ŸPanŸŸ:SubWorldID:154
Region:1549
Pos:(9,10)-(0,0)
ŸPanŸŸ:SubWorldID:154
Region:1549
Pos:(9,10)-(0,0)
ŸPanŸŸ:SubWorldID:154
Region:1549
Pos:(9,10)-(0,0)
ŸŸŸŸUŸŸŸŸŸ:SubWorldID:227
Region:255
Pos:(0,4)-(0,0)
Thi™nNh…nß∏:SubWorldID:205
Region:197
Pos:(9,6)-(0,0)
Thi™nNh…nCµyß∏:SubWorldID:205
Region:197
Pos:(9,6)-(0,0)
ŸŸŸŸVoŸNguaŸŸŸŸ:SubWorldID:227
Region:361
Pos:(9,29)-(0,0)
ŸŸŸŸVD2ŸŸŸŸŸ:SubWorldID:227
Region:361
Pos:(9,29)-(0,0)
ŸCellŸŸ:SubWorldID:1
Region:532
Pos:(2,0)-(0,0)
ŸŸŸŸBacCaiŸŸŸŸND:SubWorldID:162
Region:684
Pos:(6,1)-(0,0)
BrolyŸ:SubWorldID:78
Region:432
Pos:(8,1)-(0,0)
ŸPanŸŸ:SubWorldID:176
Region:1190
Pos:(13,12)-(0,0)
bememdianh:SubWorldID:225
Region:140
Pos:(0,31)-(0,0)
ŸPanŸŸ:SubWorldID:78
Region:432
Pos:(8,1)-(0,0)
ŸPanŸŸ:SubWorldID:224
Region:483
Pos:(15,4)-(0,0)
AsIzuki:SubWorldID:202
Region:296
Pos:(6,18)-(0,0)
Aticuno:SubWorldID:202
Region:296
Pos:(6,18)-(0,0)
Super5:SubWorldID:76
Region:195
Pos:(12,27)-(0,0)
DuaNgua:SubWorldID:1
Region:716
Pos:(8,20)-(0,0)
SpFire:SubWorldID:80
Region:177
Pos:(11,3)-(0,0)
AsIzuki:SubWorldID:225
Region:102
Pos:(0,10)-(0,0)
Newbie7:SubWorldID:225
Region:102
Pos:(0,10)-(0,0)
Newbie1:SubWorldID:225
Region:102
Pos:(0,10)-(0,0)
AsNagato:SubWorldID:181
Region:76
Pos:(10,21)-(0,0)
NhﬁTi”uTiŒu:SubWorldID:201
Region:39
Pos:(2,1)-(0,0)
ThayTuMeGai:SubWorldID:229
Region:0
Pos:(12,30)-(0,0)
Qu∏chT≠¨ng:SubWorldID:234
Region:0
Pos:(14,25)-(0,0)
DangIaLanRaNgu:SubWorldID:23
Region:33
Pos:(8,18)-(0,0)
KimLien:SubWorldID:932
Region:418
Pos:(7,12)-(0,0)
NO1ŸMRSŸTJMŸTND:SubWorldID:932
Region:418
Pos:(7,12)-(0,0)
luanhalley:SubWorldID:932
Region:418
Pos:(7,12)-(0,0)
TraiŸNoiŸBaiŸ90:SubWorldID:932
Region:418
Pos:(7,12)-(0,0)
NgaMy7:SubWorldID:932
Region:418
Pos:(7,12)-(0,0)
YenNamThien:SubWorldID:932
Region:418
Pos:(7,12)-(0,0)
MrTeoTN2:SubWorldID:932
Region:418
Pos:(7,12)-(0,0)
TaoHÀuNÃ4:SubWorldID:932
Region:418
Pos:(7,12)-(0,0)
TaoHÀuNÃ2:SubWorldID:932
Region:418
Pos:(7,12)-(0,0)
TLŸGameŸTL:SubWorldID:932
Region:418
Pos:(7,12)-(0,0)
ASTONŸMARTIN:SubWorldID:932
Region:418
Pos:(7,12)-(0,0)
HungTh«nTËngKim:SubWorldID:932
Region:418
Pos:(7,12)-(0,0)
QSolŸE3:SubWorldID:932
Region:418
Pos:(7,12)-(0,0)
ß—pïTraiÖV∑iïLOL:SubWorldID:932
Region:418
Pos:(7,12)-(0,0)
XeŸ§ngŸNÈiŸ06:SubWorldID:932
Region:418
Pos:(7,12)-(0,0)
ßÙngŸLµŸNg∑ŸNg˘a:SubWorldID:932
Region:418
Pos:(7,12)-(0,0)
XeŸ§ngŸNÈiŸ01:SubWorldID:932
Region:418
Pos:(7,12)-(0,0)
SGŸKi’pŸC«mŸCh◊:SubWorldID:932
Region:418
Pos:(7,12)-(0,0)
LinhXeL´i:SubWorldID:932
Region:418
Pos:(7,12)-(0,0)
BUGATTIŸNMC6:SubWorldID:932
Region:418
Pos:(7,12)-(0,0)
NgπoŸThi™n:SubWorldID:932
Region:418
Pos:(7,12)-(0,0)
NgπoŸS≠¨ng:SubWorldID:932
Region:418
Pos:(7,12)-(0,0)
xeHIEUYEN7:SubWorldID:932
Region:418
Pos:(7,12)-(0,0)
ÖùMaïƒïFiaùÖ:SubWorldID:932
Region:418
Pos:(7,12)-(0,0)
ÖùChi’nïƒïTh«nùÖ:SubWorldID:932
Region:418
Pos:(7,12)-(0,0)
TLKHiem:SubWorldID:932
Region:418
Pos:(7,12)-(0,0)
XeNgaMy9:SubWorldID:932
Region:418
Pos:(7,12)-(0,0)
XeŸß≠ÍngŸM´nŸ1:SubWorldID:932
Region:418
Pos:(7,12)-(0,0)
doanbinhtam:SubWorldID:932
Region:418
Pos:(7,12)-(0,0)
doancungdoc:SubWorldID:932
Region:418
Pos:(7,12)-(0,0)
kiengiang68:SubWorldID:932
Region:418
Pos:(7,12)-(0,0)
TienCoND:SubWorldID:932
Region:418
Pos:(7,12)-(0,0)
TienCoCO:SubWorldID:932
Region:418
Pos:(7,12)-(0,0)
bbbC„cÊiXoµibbb:SubWorldID:932
Region:418
Pos:(7,12)-(0,0)
BestTLD1:SubWorldID:932
Region:418
Pos:(7,12)-(0,0)
vuanh2:SubWorldID:586
Region:67
Pos:(12,30)-(0,0)
caythue:SubWorldID:586
Region:85
Pos:(1,10)-(0,0)
ÖùAnhïƒïVuùÖ:SubWorldID:586
Region:85
Pos:(6,5)-(0,0)
sanbos10:SubWorldID:586
Region:85
Pos:(1,10)-(0,0)
sanbos10:SubWorldID:586
Region:85
Pos:(9,2)-(0,0)
vipseven:SubWorldID:586
Region:85
Pos:(2,9)-(0,0)
vuanh2:SubWorldID:586
Region:85
Pos:(1,10)-(0,0)
ÖùAnhïƒïVuùÖ:SubWorldID:586
Region:67
Pos:(12,30)-(0,0)
sanbos10:SubWorldID:586
Region:85
Pos:(6,5)-(0,0)
caythue:SubWorldID:586
Region:85
Pos:(4,7)-(0,0)
vipseven:SubWorldID:586
Region:85
Pos:(5,6)-(0,0)
caythue:SubWorldID:586
Region:85
Pos:(5,6)-(0,0)
PhungKuteQN:SubWorldID:103
Region:1327
Pos:(8,19)-(0,0)
PhungKuteQN:SubWorldID:103
Region:1327
Pos:(8,19)-(0,0)
PhungKuteQN:SubWorldID:103
Region:1327
Pos:(8,19)-(0,0)
PhungKuteQN:SubWorldID:103
Region:1327
Pos:(8,19)-(0,0)
PhungKuteQN:SubWorldID:103
Region:1327
Pos:(8,19)-(0,0)
PhungKuteQN:SubWorldID:103
Region:1327
Pos:(8,19)-(0,0)
Y’nŸHi”uŸTr∏i:SubWorldID:932
Region:418
Pos:(7,12)-(0,0)
KingStorm:SubWorldID:932
Region:418
Pos:(7,12)-(0,0)
NMKhiem35:SubWorldID:932
Region:418
Pos:(7,12)-(0,0)
XeLongx8:SubWorldID:932
Region:418
Pos:(7,12)-(0,0)
XeLongx9:SubWorldID:932
Region:418
Pos:(7,12)-(0,0)
XeLongX10:SubWorldID:932
Region:418
Pos:(7,12)-(0,0)
79ŸL∑oŸHµnhŸT´n:SubWorldID:932
Region:418
Pos:(7,12)-(0,0)
XeŸNMKŸ19:SubWorldID:932
Region:418
Pos:(7,12)-(0,0)
XeBomNhe:SubWorldID:932
Region:418
Pos:(7,12)-(0,0)
xeqv1Ÿ:SubWorldID:932
Region:418
Pos:(7,12)-(0,0)
XeŸNDCŸ17:SubWorldID:932
Region:418
Pos:(7,12)-(0,0)
NngocNhuY:SubWorldID:932
Region:418
Pos:(7,12)-(0,0)
XeŸNMKŸ19:SubWorldID:932
Region:418
Pos:(7,12)-(0,0)
anhtuan6:SubWorldID:932
Region:418
Pos:(7,12)-(0,0)
XeHinhThienTrau:SubWorldID:932
Region:418
Pos:(7,12)-(0,0)
XeHinhThienNMBuf:SubWorldID:932
Region:418
Pos:(7,12)-(0,0)
Y’nŸHi”uŸTr∏i:SubWorldID:1
Region:805
Pos:(0,0)-(0,0)
M™ŸAnhŸTung:SubWorldID:1
Region:805
Pos:(0,0)-(0,0)
HµŸLinhŸPhi™u:SubWorldID:1
Region:805
Pos:(0,0)-(0,0)
PhÀtŸT©mŸTıŸH˜u:SubWorldID:1
Region:805
Pos:(0,0)-(0,0)
L≠uŸDi÷pŸPhi:SubWorldID:1
Region:805
Pos:(0,0)-(0,0)
HµŸNh©nŸNg∑:SubWorldID:1
Region:805
Pos:(0,0)-(0,0)
HLPDM70:SubWorldID:1
Region:805
Pos:(0,0)-(0,0)
HLPDM71:SubWorldID:1
Region:805
Pos:(0,0)-(0,0)
KieuPhong16:SubWorldID:932
Region:418
Pos:(7,12)-(0,0)
HLPDM72:SubWorldID:932
Region:418
Pos:(7,12)-(0,0)
VoCucXe01:SubWorldID:932
Region:418
Pos:(7,12)-(0,0)
∞ÖD«nïPh™ïC«nÖ∞:SubWorldID:932
Region:418
Pos:(7,12)-(0,0)
Ngh‹a5ßÈcBuff:SubWorldID:932
Region:418
Pos:(7,12)-(0,0)
TomNeee:SubWorldID:932
Region:418
Pos:(7,12)-(0,0)
anhtuan1:SubWorldID:932
Region:418
Pos:(7,12)-(0,0)
Ngh‹aClbua:SubWorldID:932
Region:418
Pos:(7,12)-(0,0)
Ngh‹aClbua:SubWorldID:932
Region:418
Pos:(7,12)-(0,0)
Ngh‹aClbua:SubWorldID:932
Region:418
Pos:(7,12)-(0,0)
ß—pïTraiÖV∑iïLOL:SubWorldID:932
Region:418
Pos:(7,12)-(0,0)
BUGATTIŸTLD03:SubWorldID:932
Region:418
Pos:(7,12)-(0,0)
ïññKñññññññ>:SubWorldID:932
Region:418
Pos:(7,12)-(0,0)
huypt1234:SubWorldID:932
Region:418
Pos:(7,12)-(0,0)
ZzLongzZ:SubWorldID:932
Region:418
Pos:(7,12)-(0,0)
H¯aV®nC≠ÍngTLD:SubWorldID:932
Region:418
Pos:(7,12)-(0,0)
huypt1234:SubWorldID:932
Region:418
Pos:(7,12)-(0,0)
KimAnh:SubWorldID:932
Region:418
Pos:(7,12)-(0,0)
ZzPhiTuanVuzZ:SubWorldID:932
Region:418
Pos:(7,12)-(0,0)
TinhDonPhuong:SubWorldID:932
Region:418
Pos:(7,12)-(0,0)
__ƒÖBËïCuÈi_Ÿ@9:SubWorldID:932
Region:418
Pos:(7,12)-(0,0)
MrŸYouTube:SubWorldID:932
Region:418
Pos:(7,12)-(0,0)
thuyyen240:SubWorldID:932
Region:418
Pos:(7,12)-(0,0)
NgπoŸThi™n:SubWorldID:932
Region:418
Pos:(7,12)-(0,0)
xeqv555:SubWorldID:932
Region:418
Pos:(7,12)-(0,0)
anhtuan:SubWorldID:932
Region:418
Pos:(7,12)-(0,0)
XeBomNhe20:SubWorldID:932
Region:418
Pos:(7,12)-(0,0)
n˜ŸÆ≠ÍngŸm´n:SubWorldID:932
Region:418
Pos:(7,12)-(0,0)
xelongtam26:SubWorldID:932
Region:418
Pos:(7,12)-(0,0)
LinhXeL´i:SubWorldID:932
Region:418
Pos:(7,12)-(0,0)
sanbos4:SubWorldID:586
Region:67
Pos:(12,30)-(0,0)
sanbos02:SubWorldID:586
Region:85
Pos:(5,6)-(0,0)
vipqua1:SubWorldID:586
Region:85
Pos:(10,0)-(0,0)
sanbos4:SubWorldID:586
Region:85
Pos:(5,6)-(0,0)
ŸNhπcŸPhi:SubWorldID:932
Region:418
Pos:(7,12)-(0,0)
Namtuoc34:SubWorldID:932
Region:418
Pos:(7,12)-(0,0)
ŸB∑oŸTr«nŸ:SubWorldID:932
Region:418
Pos:(7,12)-(0,0)
XebuaNgh‹a:SubWorldID:932
Region:418
Pos:(7,12)-(0,0)
42accThiYen:SubWorldID:932
Region:418
Pos:(7,12)-(0,0)
TieuHoLo:SubWorldID:932
Region:418
Pos:(7,12)-(0,0)
59ŸSGŸKuŸG u:SubWorldID:932
Region:418
Pos:(7,12)-(0,0)
ï∞C∏ÖƒÖC¨m∞@2:SubWorldID:932
Region:418
Pos:(7,12)-(0,0)
ThuPhuong:SubWorldID:932
Region:418
Pos:(7,12)-(0,0)
ùìHoaïMÈcïLanìù:SubWorldID:1
Region:804
Pos:(15,1)-(0,0)
CuuTuoc:SubWorldID:1003
Region:354
Pos:(0,0)-(0,0)
Thi’uŸL©m:SubWorldID:1
Region:756
Pos:(1,31)-(0,0)
X›chŸL©n:SubWorldID:1007
Region:55
Pos:(9,5)-(31744,6144)
ïùGµùƒM∏iùï:SubWorldID:176
Region:1492
Pos:(6,5)-(0,0)
