TG : 10/04/2022_18:56:08  - ID [ 00caytien ] - NV : [ NSNDŸDMPD ] - hwidcount : [1] - acc : [1] - iplan : [1]- ipcount : [13] - ß®ng NhÀp V≠Ót Qu∏ SË Acc
TG : 10/04/2022_18:56:40  - ID [ 00caytien ] - NV : [ NSNDŸDMPD ] - hwidcount : [1] - acc : [1] - iplan : [1]- ipcount : [13] - ß®ng NhÀp V≠Ót Qu∏ SË Acc
TG : 10/04/2022_18:57:27  - ID [ 00caytien ] - NV : [ NSNDŸDMPD ] - hwidcount : [1] - acc : [1] - iplan : [1]- ipcount : [13] - ß®ng NhÀp V≠Ót Qu∏ SË Acc
TG : 10/04/2022_20:06:58  - ID [ lilanger ] - NV : [ ConGµNh–p ] - hwidcount : [1] - acc : [1] - iplan : [1]- ipcount : [13] - ß®ng NhÀp V≠Ót Qu∏ SË Acc
TG : 10/04/2022_20:07:27  - ID [ lilanger ] - NV : [ ConGµNh–p ] - hwidcount : [1] - acc : [1] - iplan : [1]- ipcount : [13] - ß®ng NhÀp V≠Ót Qu∏ SË Acc
TG : 10/04/2022_20:08:05  - ID [ lilanger ] - NV : [ ConGµNh–p ] - hwidcount : [1] - acc : [1] - iplan : [1]- ipcount : [13] - ß®ng NhÀp V≠Ót Qu∏ SË Acc
TG : 10/04/2022_20:08:44  - ID [ lilanger ] - NV : [ ConGµNh–p ] - hwidcount : [1] - acc : [1] - iplan : [1]- ipcount : [13] - ß®ng NhÀp V≠Ót Qu∏ SË Acc
TG : 10/04/2022_20:09:33  - ID [ lilanger ] - NV : [ ConGµNh–p ] - hwidcount : [1] - acc : [1] - iplan : [1]- ipcount : [13] - ß®ng NhÀp V≠Ót Qu∏ SË Acc
TG : 10/04/2022_20:11:29  - ID [ lilanger1 ] - NV : [ satria ] - hwidcount : [1] - acc : [1] - iplan : [1]- ipcount : [13] - ß®ng NhÀp V≠Ót Qu∏ SË Acc
TG : 10/04/2022_20:12:05  - ID [ lilanger ] - NV : [ ConGµNh–p ] - hwidcount : [1] - acc : [1] - iplan : [1]- ipcount : [13] - ß®ng NhÀp V≠Ót Qu∏ SË Acc
TG : 10/04/2022_20:12:40  - ID [ lilanger1 ] - NV : [ satria ] - hwidcount : [1] - acc : [1] - iplan : [1]- ipcount : [13] - ß®ng NhÀp V≠Ót Qu∏ SË Acc
TG : 10/04/2022_20:19:10  - ID [ lilanger ] - NV : [ ConGµNh–p ] - hwidcount : [1] - acc : [1] - iplan : [1]- ipcount : [13] - ß®ng NhÀp V≠Ót Qu∏ SË Acc
TG : 10/04/2022_20:20:04  - ID [ lilanger1 ] - NV : [ satria ] - hwidcount : [1] - acc : [1] - iplan : [1]- ipcount : [13] - ß®ng NhÀp V≠Ót Qu∏ SË Acc
TG : 10/04/2022_20:21:52  - ID [ lilanger1 ] - NV : [ satria ] - hwidcount : [1] - acc : [1] - iplan : [1]- ipcount : [13] - ß®ng NhÀp V≠Ót Qu∏ SË Acc
TG : 10/04/2022_20:38:31  - ID [ 00caytien ] - NV : [ NSNDŸDMPD ] - hwidcount : [1] - acc : [1] - iplan : [1]- ipcount : [13] - ß®ng NhÀp V≠Ót Qu∏ SË Acc
TG : 10/04/2022_20:39:13  - ID [ 00caytien ] - NV : [ NSNDŸDMPD ] - hwidcount : [1] - acc : [1] - iplan : [1]- ipcount : [13] - ß®ng NhÀp V≠Ót Qu∏ SË Acc
TG : 10/04/2022_20:40:08  - ID [ 00caytien ] - NV : [ NSNDŸDMPD ] - hwidcount : [1] - acc : [1] - iplan : [1]- ipcount : [13] - ß®ng NhÀp V≠Ót Qu∏ SË Acc
TG : 10/04/2022_20:40:58  - ID [ 00caytien ] - NV : [ NSNDŸDMPD ] - hwidcount : [1] - acc : [1] - iplan : [1]- ipcount : [13] - ß®ng NhÀp V≠Ót Qu∏ SË Acc
TG : 10/04/2022_20:42:06  - ID [ 00caytien ] - NV : [ NSNDŸDMPD ] - hwidcount : [1] - acc : [1] - iplan : [1]- ipcount : [13] - ß®ng NhÀp V≠Ót Qu∏ SË Acc
TG : 10/04/2022_20:45:50  - ID [ 00caytien ] - NV : [ NSNDŸDMPD ] - hwidcount : [1] - acc : [1] - iplan : [1]- ipcount : [13] - ß®ng NhÀp V≠Ót Qu∏ SË Acc
TG : 10/04/2022_20:46:53  - ID [ 00caytien ] - NV : [ NSNDŸDMPD ] - hwidcount : [1] - acc : [1] - iplan : [1]- ipcount : [13] - ß®ng NhÀp V≠Ót Qu∏ SË Acc
TG : 10/04/2022_20:54:42  - ID [ 00caytien ] - NV : [ NSNDŸDMPD ] - hwidcount : [1] - acc : [1] - iplan : [1]- ipcount : [13] - ß®ng NhÀp V≠Ót Qu∏ SË Acc
TG : 10/04/2022_20:55:07  - ID [ 01caytien ] - NV : [ NSNDŸ5DC ] - hwidcount : [2] - acc : [2] - iplan : [2]- ipcount : [14] - ß®ng NhÀp V≠Ót Qu∏ SË Acc
TG : 10/04/2022_20:58:42  - ID [ 00caytien ] - NV : [ NSNDŸDMPD ] - hwidcount : [1] - acc : [1] - iplan : [1]- ipcount : [13] - ß®ng NhÀp V≠Ót Qu∏ SË Acc
TG : 10/04/2022_21:03:02  - ID [ 00caytien ] - NV : [ NSNDŸDMPD ] - hwidcount : [1] - acc : [1] - iplan : [1]- ipcount : [13] - ß®ng NhÀp V≠Ót Qu∏ SË Acc
TG : 10/04/2022_21:04:16  - ID [ 05caytien ] - NV : [ NSNDŸCLK ] - hwidcount : [1] - acc : [1] - iplan : [1]- ipcount : [13] - ß®ng NhÀp V≠Ót Qu∏ SË Acc
TG : 10/04/2022_21:06:44  - ID [ 00caytien ] - NV : [ NSNDŸDMPD ] - hwidcount : [1] - acc : [1] - iplan : [1]- ipcount : [13] - ß®ng NhÀp V≠Ót Qu∏ SË Acc
TG : 10/04/2022_21:23:47  - ID [ kevin109 ] - NV : [ KevinTran ] - hwidcount : [1] - acc : [1] - iplan : [7]- ipcount : [13] - ß®ng NhÀp V≠Ót Qu∏ SË Acc
TG : 10/04/2022_21:24:10  - ID [ kevin109 ] - NV : [ KevinTran ] - hwidcount : [1] - acc : [1] - iplan : [7]- ipcount : [13] - ß®ng NhÀp V≠Ót Qu∏ SË Acc
TG : 10/04/2022_21:24:55  - ID [ kevin1 ] - NV : [ dsadasdsadsad ] - hwidcount : [2] - acc : [2] - iplan : [8]- ipcount : [14] - ß®ng NhÀp V≠Ót Qu∏ SË Acc
