TG : 10/02/2022_10:48:22  - ID [ lethanhson1996 ] - NV : [ NgòÙ§éc ] - hwidcount : [2] - acc : [2] - iplan : [2]- ipcount : [13] - §¨ng NhËp V­ît Qu¸ Sè Acc
TG : 10/02/2022_10:48:33  - ID [ trangnhung22 ] - NV : [ B­ímÙ§ªm ] - hwidcount : [2] - acc : [2] - iplan : [2]- ipcount : [13] - §¨ng NhËp V­ît Qu¸ Sè Acc
TG : 10/02/2022_10:48:54  - ID [ trangnhung22 ] - NV : [ B­ímÙ§ªm ] - hwidcount : [2] - acc : [2] - iplan : [2]- ipcount : [13] - §¨ng NhËp V­ît Qu¸ Sè Acc
TG : 10/02/2022_10:55:28  - ID [ lethanhson1997 ] - NV : [ ThiÕuÙL©m ] - hwidcount : [2] - acc : [2] - iplan : [2]- ipcount : [13] - §¨ng NhËp V­ît Qu¸ Sè Acc
TG : 10/02/2022_10:55:29  - ID [ kevin109 ] - NV : [ KevinTran ] - hwidcount : [1] - acc : [1] - iplan : [1]- ipcount : [13] - §¨ng NhËp V­ît Qu¸ Sè Acc
TG : 10/02/2022_10:55:42  - ID [ ngochan1 ] - NV : [ KüÙN÷ÙLÇuÙXanhÙ1 ] - hwidcount : [2] - acc : [1] - iplan : [2]- ipcount : [13] - §¨ng NhËp V­ît Qu¸ Sè Acc
TG : 10/02/2022_11:05:07  - ID [ lethanhson1997 ] - NV : [ ThiÕuÙL©m ] - hwidcount : [2] - acc : [2] - iplan : [2]- ipcount : [13] - §¨ng NhËp V­ît Qu¸ Sè Acc
TG : 10/02/2022_11:06:32  - ID [ ngochan3 ] - NV : [ KüÙN÷ÙLÇuÙXanhÙ3 ] - hwidcount : [4] - acc : [3] - iplan : [4]- ipcount : [13] - §¨ng NhËp V­ît Qu¸ Sè Acc
TG : 10/02/2022_11:06:54  - ID [ ngochan3 ] - NV : [ KüÙN÷ÙLÇuÙXanhÙ3 ] - hwidcount : [4] - acc : [3] - iplan : [4]- ipcount : [13] - §¨ng NhËp V­ît Qu¸ Sè Acc
TG : 10/02/2022_11:07:28  - ID [ ngochan3 ] - NV : [ KüÙN÷ÙLÇuÙXanhÙ3 ] - hwidcount : [4] - acc : [3] - iplan : [4]- ipcount : [13] - §¨ng NhËp V­ît Qu¸ Sè Acc
TG : 10/02/2022_11:07:40  - ID [ huuthanh ] - NV : [ Ch¹yÙNgayÙ§i ] - hwidcount : [1] - acc : [1] - iplan : [1]- ipcount : [13] - §¨ng NhËp V­ît Qu¸ Sè Acc
TG : 10/02/2022_11:08:28  - ID [ huuthanh ] - NV : [ Ch¹yÙNgayÙ§i ] - hwidcount : [1] - acc : [1] - iplan : [1]- ipcount : [13] - §¨ng NhËp V­ît Qu¸ Sè Acc
TG : 10/02/2022_11:09:37  - ID [ huuthanh ] - NV : [ Ch¹yÙNgayÙ§i ] - hwidcount : [1] - acc : [1] - iplan : [1]- ipcount : [13] - §¨ng NhËp V­ît Qu¸ Sè Acc
TG : 10/02/2022_11:21:24  - ID [ phuongqn7 ] - NV : [ Bª§ªÙ1 ] - hwidcount : [7] - acc : [6] - iplan : [7]- ipcount : [7] - §¨ng NhËp V­ît Qu¸ Sè Acc
TG : 10/02/2022_11:21:48  - ID [ phuongqn7 ] - NV : [ Bª§ªÙ1 ] - hwidcount : [7] - acc : [6] - iplan : [7]- ipcount : [7] - §¨ng NhËp V­ît Qu¸ Sè Acc
TG : 10/02/2022_11:22:34  - ID [ phuongqn7 ] - NV : [ Bª§ªÙ1 ] - hwidcount : [7] - acc : [6] - iplan : [7]- ipcount : [7] - §¨ng NhËp V­ît Qu¸ Sè Acc
TG : 10/02/2022_11:23:09  - ID [ phuongqn7 ] - NV : [ Bª§ªÙ1 ] - hwidcount : [7] - acc : [1] - iplan : [7]- ipcount : [7] - §¨ng NhËp V­ît Qu¸ Sè Acc
TG : 10/02/2022_11:24:07  - ID [ huuthanh03 ] - NV : [ MÞÙN­¬ng ] - hwidcount : [4] - acc : [4] - iplan : [4]- ipcount : [13] - §¨ng NhËp V­ît Qu¸ Sè Acc
TG : 10/02/2022_11:24:34  - ID [ huuthanh03 ] - NV : [ MÞÙN­¬ng ] - hwidcount : [4] - acc : [4] - iplan : [4]- ipcount : [13] - §¨ng NhËp V­ît Qu¸ Sè Acc
TG : 10/02/2022_11:24:52  - ID [ phuongqn7 ] - NV : [ Bª§ªÙ1 ] - hwidcount : [7] - acc : [1] - iplan : [7]- ipcount : [7] - §¨ng NhËp V­ît Qu¸ Sè Acc
TG : 10/02/2022_11:25:33  - ID [ huuthanh04 ] - NV : [ §écÙC«ng ] - hwidcount : [4] - acc : [4] - iplan : [4]- ipcount : [13] - §¨ng NhËp V­ît Qu¸ Sè Acc
TG : 10/02/2022_11:26:39  - ID [ phuongqn8 ] - NV : [ Bª§ªÙ2 ] - hwidcount : [7] - acc : [1] - iplan : [7]- ipcount : [7] - §¨ng NhËp V­ît Qu¸ Sè Acc
TG : 10/02/2022_11:27:09  - ID [ huuthanh05 ] - NV : [ 1ÙPh¸tÙBayÙLu«n ] - hwidcount : [4] - acc : [4] - iplan : [4]- ipcount : [13] - §¨ng NhËp V­ît Qu¸ Sè Acc
TG : 10/02/2022_11:28:32  - ID [ huuthanh03 ] - NV : [ MÞÙN­¬ng ] - hwidcount : [4] - acc : [4] - iplan : [4]- ipcount : [13] - §¨ng NhËp V­ît Qu¸ Sè Acc
TG : 10/02/2022_11:30:11  - ID [ phuongqn7 ] - NV : [ Bª§ªÙ1 ] - hwidcount : [7] - acc : [1] - iplan : [7]- ipcount : [7] - §¨ng NhËp V­ît Qu¸ Sè Acc
TG : 10/02/2022_11:30:32  - ID [ huuthanh03 ] - NV : [ MÞÙN­¬ng ] - hwidcount : [4] - acc : [4] - iplan : [4]- ipcount : [13] - §¨ng NhËp V­ît Qu¸ Sè Acc
TG : 10/02/2022_11:31:59  - ID [ huuthanh03 ] - NV : [ MÞÙN­¬ng ] - hwidcount : [4] - acc : [4] - iplan : [4]- ipcount : [13] - §¨ng NhËp V­ît Qu¸ Sè Acc
TG : 10/02/2022_11:32:04  - ID [ phuongqn8 ] - NV : [ Bª§ªÙ2 ] - hwidcount : [7] - acc : [2] - iplan : [7]- ipcount : [7] - §¨ng NhËp V­ît Qu¸ Sè Acc
TG : 10/02/2022_11:35:36  - ID [ huuthanh05 ] - NV : [ 1ÙPh¸tÙBayÙLu«n ] - hwidcount : [4] - acc : [4] - iplan : [4]- ipcount : [13] - §¨ng NhËp V­ît Qu¸ Sè Acc
TG : 10/02/2022_11:36:08  - ID [ phuongqn11 ] - NV : [ Bª§ªÙ5 ] - hwidcount : [7] - acc : [5] - iplan : [7]- ipcount : [7] - §¨ng NhËp V­ît Qu¸ Sè Acc
TG : 10/02/2022_11:36:23  - ID [ phuongqn12 ] - NV : [ Bª§ªÙ6 ] - hwidcount : [7] - acc : [5] - iplan : [7]- ipcount : [7] - §¨ng NhËp V­ît Qu¸ Sè Acc
TG : 10/02/2022_11:38:09  - ID [ huuthanh03 ] - NV : [ MÞÙN­¬ng ] - hwidcount : [4] - acc : [4] - iplan : [4]- ipcount : [13] - §¨ng NhËp V­ît Qu¸ Sè Acc
TG : 10/02/2022_11:38:54  - ID [ huuthanh04 ] - NV : [ §écÙC«ng ] - hwidcount : [4] - acc : [4] - iplan : [4]- ipcount : [13] - §¨ng NhËp V­ît Qu¸ Sè Acc
TG : 10/02/2022_12:17:13  - ID [ trangnhung11 ] - NV : [ Tr©uÙ§iªn ] - hwidcount : [2] - acc : [232] - iplan : [1]- ipcount : [9] - §¨ng NhËp V­ît Qu¸ Sè Acc
TG : 10/02/2022_13:48:05  - ID [ huuthanh04 ] - NV : [ §écÙC«ng ] - hwidcount : [5] - acc : [5] - iplan : [5]- ipcount : [13] - §¨ng NhËp V­ît Qu¸ Sè Acc
TG : 10/02/2022_13:48:21  - ID [ huuthanh05 ] - NV : [ 1ÙPh¸tÙBayÙLu«n ] - hwidcount : [6] - acc : [6] - iplan : [6]- ipcount : [14] - §¨ng NhËp V­ît Qu¸ Sè Acc
TG : 10/02/2022_13:48:44  - ID [ huuthanh04 ] - NV : [ §écÙC«ng ] - hwidcount : [5] - acc : [5] - iplan : [5]- ipcount : [13] - §¨ng NhËp V­ît Qu¸ Sè Acc
TG : 10/02/2022_13:49:05  - ID [ huuthanh05 ] - NV : [ 1ÙPh¸tÙBayÙLu«n ] - hwidcount : [5] - acc : [5] - iplan : [5]- ipcount : [13] - §¨ng NhËp V­ît Qu¸ Sè Acc
TG : 10/02/2022_13:50:17  - ID [ huuthanh04 ] - NV : [ §écÙC«ng ] - hwidcount : [5] - acc : [5] - iplan : [5]- ipcount : [13] - §¨ng NhËp V­ît Qu¸ Sè Acc
TG : 10/02/2022_13:50:36  - ID [ huuthanh04 ] - NV : [ §écÙC«ng ] - hwidcount : [5] - acc : [5] - iplan : [5]- ipcount : [13] - §¨ng NhËp V­ît Qu¸ Sè Acc
TG : 10/02/2022_13:51:10  - ID [ huuthanh04 ] - NV : [ §écÙC«ng ] - hwidcount : [5] - acc : [5] - iplan : [5]- ipcount : [13] - §¨ng NhËp V­ît Qu¸ Sè Acc
TG : 10/02/2022_13:51:26  - ID [ huuthanh05 ] - NV : [ 1ÙPh¸tÙBayÙLu«n ] - hwidcount : [6] - acc : [6] - iplan : [6]- ipcount : [14] - §¨ng NhËp V­ît Qu¸ Sè Acc
TG : 10/02/2022_13:54:15  - ID [ huuthanh01 ] - NV : [ ThæÙC«ng ] - hwidcount : [5] - acc : [5] - iplan : [5]- ipcount : [13] - §¨ng NhËp V­ît Qu¸ Sè Acc
TG : 10/02/2022_13:56:14  - ID [ huuthanh01 ] - NV : [ ThæÙC«ng ] - hwidcount : [5] - acc : [5] - iplan : [5]- ipcount : [13] - §¨ng NhËp V­ît Qu¸ Sè Acc
TG : 10/02/2022_13:59:44  - ID [ huuthanh01 ] - NV : [ ThæÙC«ng ] - hwidcount : [5] - acc : [5] - iplan : [5]- ipcount : [13] - §¨ng NhËp V­ît Qu¸ Sè Acc
TG : 10/02/2022_14:00:03  - ID [ huuthanh06 ] - NV : [ T¹ÙTèn ] - hwidcount : [6] - acc : [6] - iplan : [6]- ipcount : [14] - §¨ng NhËp V­ît Qu¸ Sè Acc
TG : 10/02/2022_14:01:29  - ID [ huuthanh04 ] - NV : [ §écÙC«ng ] - hwidcount : [5] - acc : [5] - iplan : [5]- ipcount : [13] - §¨ng NhËp V­ît Qu¸ Sè Acc
TG : 10/02/2022_14:03:29  - ID [ huuthanh05 ] - NV : [ 1ÙPh¸tÙBayÙLu«n ] - hwidcount : [6] - acc : [1] - iplan : [5]- ipcount : [13] - §¨ng NhËp V­ît Qu¸ Sè Acc
TG : 10/02/2022_14:05:10  - ID [ huuthanh05 ] - NV : [ 1ÙPh¸tÙBayÙLu«n ] - hwidcount : [6] - acc : [1] - iplan : [5]- ipcount : [13] - §¨ng NhËp V­ît Qu¸ Sè Acc
TG : 10/02/2022_14:06:25  - ID [ huuthanh01 ] - NV : [ ThæÙC«ng ] - hwidcount : [4] - acc : [232] - iplan : [2]- ipcount : [10] - §¨ng NhËp V­ît Qu¸ Sè Acc
TG : 10/02/2022_14:06:25  - ID [ huuthanh03 ] - NV : [ MÞÙN­¬ng ] - hwidcount : [5] - acc : [232] - iplan : [3]- ipcount : [11] - §¨ng NhËp V­ît Qu¸ Sè Acc
TG : 10/02/2022_14:06:27  - ID [ huuthanh ] - NV : [ Ch¹yÙNgayÙ§i ] - hwidcount : [5] - acc : [232] - iplan : [3]- ipcount : [11] - §¨ng NhËp V­ît Qu¸ Sè Acc
TG : 10/02/2022_14:06:28  - ID [ huuthanh02 ] - NV : [ L«iÙC«ng ] - hwidcount : [6] - acc : [232] - iplan : [4]- ipcount : [12] - §¨ng NhËp V­ît Qu¸ Sè Acc
TG : 10/02/2022_14:06:46  - ID [ huuthanh04 ] - NV : [ §écÙC«ng ] - hwidcount : [4] - acc : [232] - iplan : [1]- ipcount : [1] - §¨ng NhËp V­ît Qu¸ Sè Acc
TG : 10/02/2022_14:43:07  - ID [ xuxu00 ] - NV : [ BèL¸oTõBÐ ] - hwidcount : [7] - acc : [1] - iplan : [7]- ipcount : [7] - §¨ng NhËp V­ît Qu¸ Sè Acc
TG : 10/02/2022_14:43:34  - ID [ xuxu00 ] - NV : [ BèL¸oTõBÐ ] - hwidcount : [7] - acc : [1] - iplan : [7]- ipcount : [7] - §¨ng NhËp V­ît Qu¸ Sè Acc
TG : 10/02/2022_14:43:55  - ID [ xuxu00 ] - NV : [ BèL¸oTõBÐ ] - hwidcount : [7] - acc : [1] - iplan : [7]- ipcount : [7] - §¨ng NhËp V­ît Qu¸ Sè Acc
TG : 10/02/2022_14:44:14  - ID [ xuxu00 ] - NV : [ BèL¸oTõBÐ ] - hwidcount : [7] - acc : [1] - iplan : [7]- ipcount : [7] - §¨ng NhËp V­ît Qu¸ Sè Acc
TG : 10/02/2022_14:45:36  - ID [ xuxu00 ] - NV : [ BèL¸oTõBÐ ] - hwidcount : [7] - acc : [1] - iplan : [7]- ipcount : [7] - §¨ng NhËp V­ît Qu¸ Sè Acc
TG : 10/02/2022_14:46:19  - ID [ xuxu00 ] - NV : [ BèL¸oTõBÐ ] - hwidcount : [7] - acc : [1] - iplan : [7]- ipcount : [7] - §¨ng NhËp V­ît Qu¸ Sè Acc
TG : 10/02/2022_14:46:47  - ID [ xuxu01 ] - NV : [ BèL¸oÙTN ] - hwidcount : [7] - acc : [1] - iplan : [7]- ipcount : [7] - §¨ng NhËp V­ît Qu¸ Sè Acc
TG : 10/02/2022_14:47:27  - ID [ xuxu00 ] - NV : [ BèL¸oTõBÐ ] - hwidcount : [7] - acc : [1] - iplan : [7]- ipcount : [7] - §¨ng NhËp V­ît Qu¸ Sè Acc
TG : 10/02/2022_14:48:29  - ID [ xuxu00 ] - NV : [ BèL¸oTõBÐ ] - hwidcount : [7] - acc : [1] - iplan : [7]- ipcount : [7] - §¨ng NhËp V­ît Qu¸ Sè Acc
TG : 10/02/2022_14:49:04  - ID [ xuxu00 ] - NV : [ BèL¸oTõBÐ ] - hwidcount : [7] - acc : [1] - iplan : [7]- ipcount : [7] - §¨ng NhËp V­ît Qu¸ Sè Acc
TG : 10/02/2022_14:49:26  - ID [ xuxu01 ] - NV : [ BèL¸oÙTN ] - hwidcount : [7] - acc : [1] - iplan : [7]- ipcount : [7] - §¨ng NhËp V­ît Qu¸ Sè Acc
TG : 10/02/2022_14:49:56  - ID [ xuxu00 ] - NV : [ BèL¸oTõBÐ ] - hwidcount : [7] - acc : [1] - iplan : [7]- ipcount : [7] - §¨ng NhËp V­ît Qu¸ Sè Acc
TG : 10/02/2022_14:50:42  - ID [ xuxu00 ] - NV : [ BèL¸oTõBÐ ] - hwidcount : [7] - acc : [1] - iplan : [7]- ipcount : [7] - §¨ng NhËp V­ît Qu¸ Sè Acc
TG : 10/02/2022_14:51:35  - ID [ xuxu00 ] - NV : [ BèL¸oTõBÐ ] - hwidcount : [7] - acc : [1] - iplan : [7]- ipcount : [7] - §¨ng NhËp V­ît Qu¸ Sè Acc
TG : 10/02/2022_15:59:54  - ID [ trolai5 ] - NV : [ ChiÕnT­íng05 ] - hwidcount : [5] - acc : [5] - iplan : [5]- ipcount : [13] - §¨ng NhËp V­ît Qu¸ Sè Acc
TG : 10/02/2022_16:00:15  - ID [ trangnhung11 ] - NV : [ Tr©uÙ§iªn ] - hwidcount : [1] - acc : [1] - iplan : [1]- ipcount : [13] - §¨ng NhËp V­ît Qu¸ Sè Acc
TG : 10/02/2022_16:00:19  - ID [ trolai6 ] - NV : [ ChiÕnT­íng06 ] - hwidcount : [6] - acc : [6] - iplan : [6]- ipcount : [13] - §¨ng NhËp V­ît Qu¸ Sè Acc
TG : 10/02/2022_16:01:13  - ID [ trolai6 ] - NV : [ ChiÕnT­íng06 ] - hwidcount : [6] - acc : [6] - iplan : [6]- ipcount : [13] - §¨ng NhËp V­ît Qu¸ Sè Acc
TG : 10/02/2022_16:01:49  - ID [ trolai6 ] - NV : [ ChiÕnT­íng06 ] - hwidcount : [6] - acc : [6] - iplan : [6]- ipcount : [13] - §¨ng NhËp V­ît Qu¸ Sè Acc
TG : 10/02/2022_16:02:25  - ID [ trolai6 ] - NV : [ ChiÕnT­íng06 ] - hwidcount : [6] - acc : [6] - iplan : [6]- ipcount : [13] - §¨ng NhËp V­ît Qu¸ Sè Acc
TG : 10/02/2022_16:03:53  - ID [ trolai3 ] - NV : [ ChiÕnT­íng03 ] - hwidcount : [6] - acc : [6] - iplan : [6]- ipcount : [13] - §¨ng NhËp V­ît Qu¸ Sè Acc
TG : 10/02/2022_16:05:30  - ID [ trolai6 ] - NV : [ ChiÕnT­íng06 ] - hwidcount : [6] - acc : [6] - iplan : [6]- ipcount : [13] - §¨ng NhËp V­ît Qu¸ Sè Acc
TG : 10/02/2022_16:06:16  - ID [ trolai6 ] - NV : [ ChiÕnT­íng06 ] - hwidcount : [6] - acc : [6] - iplan : [6]- ipcount : [13] - §¨ng NhËp V­ît Qu¸ Sè Acc
TG : 10/02/2022_16:08:18  - ID [ trolai6 ] - NV : [ ChiÕnT­íng06 ] - hwidcount : [6] - acc : [6] - iplan : [6]- ipcount : [13] - §¨ng NhËp V­ît Qu¸ Sè Acc
TG : 10/02/2022_16:26:25  - ID [ tbhh1998 ] - NV : [ ÙÙThoaiÙÙÙ ] - hwidcount : [7] - acc : [1] - iplan : [7]- ipcount : [7] - §¨ng NhËp V­ît Qu¸ Sè Acc
TG : 10/02/2022_16:26:38  - ID [ tbhh1997 ] - NV : [ TLÙ001 ] - hwidcount : [8] - acc : [2] - iplan : [8]- ipcount : [8] - §¨ng NhËp V­ît Qu¸ Sè Acc
TG : 10/02/2022_16:26:52  - ID [ tbhh1995 ] - NV : [ 5DÙ003 ] - hwidcount : [9] - acc : [3] - iplan : [9]- ipcount : [9] - §¨ng NhËp V­ît Qu¸ Sè Acc
TG : 10/02/2022_16:27:15  - ID [ tbhh1998 ] - NV : [ ÙÙThoaiÙÙÙ ] - hwidcount : [7] - acc : [1] - iplan : [7]- ipcount : [7] - §¨ng NhËp V­ît Qu¸ Sè Acc
TG : 10/02/2022_16:27:46  - ID [ tbhh1998 ] - NV : [ ÙÙThoaiÙÙÙ ] - hwidcount : [7] - acc : [1] - iplan : [7]- ipcount : [7] - §¨ng NhËp V­ît Qu¸ Sè Acc
TG : 10/02/2022_16:28:15  - ID [ tbhh1998 ] - NV : [ ÙÙThoaiÙÙÙ ] - hwidcount : [7] - acc : [1] - iplan : [7]- ipcount : [7] - §¨ng NhËp V­ît Qu¸ Sè Acc
TG : 10/02/2022_16:28:47  - ID [ tbhh1995 ] - NV : [ 5DÙ003 ] - hwidcount : [7] - acc : [1] - iplan : [7]- ipcount : [7] - §¨ng NhËp V­ît Qu¸ Sè Acc
TG : 10/02/2022_16:52:34  - ID [ 00caytien ] - NV : [ NSNDÙDMPD ] - hwidcount : [6] - acc : [6] - iplan : [6]- ipcount : [13] - §¨ng NhËp V­ît Qu¸ Sè Acc
TG : 10/02/2022_17:04:26  - ID [ 05caytien ] - NV : [ NSNDÙCLK ] - hwidcount : [6] - acc : [6] - iplan : [6]- ipcount : [13] - §¨ng NhËp V­ît Qu¸ Sè Acc
TG : 10/02/2022_17:07:17  - ID [ 05caytien ] - NV : [ NSNDÙCLK ] - hwidcount : [6] - acc : [6] - iplan : [6]- ipcount : [13] - §¨ng NhËp V­ît Qu¸ Sè Acc
TG : 10/02/2022_17:29:58  - ID [ tbhh1998 ] - NV : [ ÙÙThoaiÙÙÙ ] - hwidcount : [7] - acc : [2] - iplan : [7]- ipcount : [7] - §¨ng NhËp V­ît Qu¸ Sè Acc
TG : 10/02/2022_17:30:27  - ID [ tbhh1998 ] - NV : [ ÙÙThoaiÙÙÙ ] - hwidcount : [7] - acc : [2] - iplan : [7]- ipcount : [7] - §¨ng NhËp V­ît Qu¸ Sè Acc
TG : 10/02/2022_17:33:22  - ID [ thoaipy01 ] - NV : [ 1113333 ] - hwidcount : [7] - acc : [2] - iplan : [7]- ipcount : [7] - §¨ng NhËp V­ît Qu¸ Sè Acc
TG : 10/02/2022_17:33:56  - ID [ thoaipy01 ] - NV : [ 1113333 ] - hwidcount : [7] - acc : [2] - iplan : [7]- ipcount : [7] - §¨ng NhËp V­ît Qu¸ Sè Acc
TG : 10/02/2022_17:35:14  - ID [ tbhh1998 ] - NV : [ ÙÙThoaiÙÙÙ ] - hwidcount : [7] - acc : [2] - iplan : [7]- ipcount : [7] - §¨ng NhËp V­ît Qu¸ Sè Acc
TG : 10/02/2022_17:46:48  - ID [ 05caytien ] - NV : [ NSNDÙCLK ] - hwidcount : [6] - acc : [6] - iplan : [6]- ipcount : [13] - §¨ng NhËp V­ît Qu¸ Sè Acc
TG : 10/02/2022_17:51:03  - ID [ 018caytien ] - NV : [ NSNDÙCLS ] - hwidcount : [6] - acc : [6] - iplan : [6]- ipcount : [13] - §¨ng NhËp V­ît Qu¸ Sè Acc
TG : 10/02/2022_17:58:19  - ID [ 05caytien ] - NV : [ NSNDÙCLK ] - hwidcount : [6] - acc : [1] - iplan : [6]- ipcount : [13] - §¨ng NhËp V­ît Qu¸ Sè Acc
TG : 10/02/2022_18:08:55  - ID [ 03caytien ] - NV : [ NSNDÙNMC ] - hwidcount : [6] - acc : [4] - iplan : [6]- ipcount : [13] - §¨ng NhËp V­ît Qu¸ Sè Acc
TG : 10/02/2022_18:23:31  - ID [ 00caytien ] - NV : [ NSNDÙDMPD ] - hwidcount : [6] - acc : [6] - iplan : [6]- ipcount : [13] - §¨ng NhËp V­ît Qu¸ Sè Acc
TG : 10/02/2022_19:07:55  - ID [ 05caytien ] - NV : [ NSNDÙCLK ] - hwidcount : [6] - acc : [6] - iplan : [6]- ipcount : [13] - §¨ng NhËp V­ît Qu¸ Sè Acc
TG : 10/02/2022_19:09:21  - ID [ 05caytien ] - NV : [ NSNDÙCLK ] - hwidcount : [6] - acc : [6] - iplan : [6]- ipcount : [13] - §¨ng NhËp V­ît Qu¸ Sè Acc
TG : 10/02/2022_19:11:28  - ID [ 05caytien ] - NV : [ NSNDÙCLK ] - hwidcount : [6] - acc : [6] - iplan : [6]- ipcount : [13] - §¨ng NhËp V­ît Qu¸ Sè Acc
TG : 10/02/2022_19:19:32  - ID [ 018caytien ] - NV : [ NSNDÙCLS ] - hwidcount : [6] - acc : [6] - iplan : [6]- ipcount : [13] - §¨ng NhËp V­ît Qu¸ Sè Acc
TG : 10/02/2022_19:20:32  - ID [ 05caytien ] - NV : [ NSNDÙCLK ] - hwidcount : [6] - acc : [1] - iplan : [6]- ipcount : [13] - §¨ng NhËp V­ît Qu¸ Sè Acc
TG : 10/02/2022_19:38:50  - ID [ 05caytien ] - NV : [ NSNDÙCLK ] - hwidcount : [6] - acc : [6] - iplan : [6]- ipcount : [13] - §¨ng NhËp V­ît Qu¸ Sè Acc
