TG : 10/01/2022_00:45:30  - ID [ vanngoc1309 ] - NV : [ Kh¸nhÙ§¬n ] - hwidcount : [7] - acc : [7] - iplan : [7]- ipcount : [7] - §¨ng NhËp V­ît Qu¸ Sè Acc
TG : 10/01/2022_09:02:38  - ID [ boykutegaaaa ] - NV : [ ZzSieuNhanzZ ] - hwidcount : [1] - acc : [1] - iplan : [1]- ipcount : [13] - §¨ng NhËp V­ît Qu¸ Sè Acc
TG : 10/01/2022_09:02:59  - ID [ boykutegaaaa ] - NV : [ ZzSieuNhanzZ ] - hwidcount : [1] - acc : [1] - iplan : [1]- ipcount : [13] - §¨ng NhËp V­ît Qu¸ Sè Acc
TG : 10/01/2022_09:03:32  - ID [ boykutegaaaa ] - NV : [ ZzSieuNhanzZ ] - hwidcount : [1] - acc : [1] - iplan : [1]- ipcount : [13] - §¨ng NhËp V­ît Qu¸ Sè Acc
TG : 10/01/2022_09:04:34  - ID [ boykutegaaaa ] - NV : [ ZzSieuNhanzZ ] - hwidcount : [1] - acc : [1] - iplan : [1]- ipcount : [13] - §¨ng NhËp V­ît Qu¸ Sè Acc
TG : 10/01/2022_11:59:21  - ID [ nkbinh ] - NV : [ SaiQuaSai ] - hwidcount : [1] - acc : [1] - iplan : [1]- ipcount : [13] - §¨ng NhËp V­ît Qu¸ Sè Acc
TG : 10/01/2022_12:00:11  - ID [ nkbinh ] - NV : [ SaiQuaSai ] - hwidcount : [1] - acc : [1] - iplan : [1]- ipcount : [13] - §¨ng NhËp V­ît Qu¸ Sè Acc
TG : 10/01/2022_12:01:32  - ID [ nkbinh ] - NV : [ SaiQuaSai ] - hwidcount : [1] - acc : [1] - iplan : [1]- ipcount : [13] - §¨ng NhËp V­ît Qu¸ Sè Acc
TG : 10/01/2022_12:24:35  - ID [ nkbinh ] - NV : [ SaiQuaSai ] - hwidcount : [1] - acc : [1] - iplan : [1]- ipcount : [13] - §¨ng NhËp V­ît Qu¸ Sè Acc
TG : 10/01/2022_12:30:08  - ID [ nkbinh ] - NV : [ SaiQuaSai ] - hwidcount : [1] - acc : [1] - iplan : [1]- ipcount : [13] - §¨ng NhËp V­ît Qu¸ Sè Acc
TG : 10/01/2022_12:30:22  - ID [ nkbinh ] - NV : [ SaiQuaSai ] - hwidcount : [1] - acc : [1] - iplan : [1]- ipcount : [13] - §¨ng NhËp V­ît Qu¸ Sè Acc
TG : 10/01/2022_12:35:21  - ID [ nkbinh ] - NV : [ SaiQuaSai ] - hwidcount : [1] - acc : [1] - iplan : [1]- ipcount : [13] - §¨ng NhËp V­ît Qu¸ Sè Acc
TG : 10/01/2022_12:35:46  - ID [ nkbinh ] - NV : [ SaiQuaSai ] - hwidcount : [1] - acc : [1] - iplan : [1]- ipcount : [13] - §¨ng NhËp V­ît Qu¸ Sè Acc
TG : 10/01/2022_13:04:37  - ID [ nkbinh ] - NV : [ SaiQuaSai ] - hwidcount : [1] - acc : [1] - iplan : [1]- ipcount : [13] - §¨ng NhËp V­ît Qu¸ Sè Acc
TG : 10/01/2022_13:05:26  - ID [ nkbinh ] - NV : [ SaiQuaSai ] - hwidcount : [1] - acc : [1] - iplan : [1]- ipcount : [13] - §¨ng NhËp V­ît Qu¸ Sè Acc
TG : 10/01/2022_13:07:23  - ID [ nkbinh ] - NV : [ SaiQuaSai ] - hwidcount : [1] - acc : [1] - iplan : [1]- ipcount : [13] - §¨ng NhËp V­ît Qu¸ Sè Acc
TG : 10/01/2022_13:08:42  - ID [ binhyen ] - NV : [ TesstCBB ] - hwidcount : [1] - acc : [1] - iplan : [1]- ipcount : [13] - §¨ng NhËp V­ît Qu¸ Sè Acc
TG : 10/01/2022_13:11:02  - ID [ nkbinh ] - NV : [ SaiQuaSai ] - hwidcount : [1] - acc : [1] - iplan : [1]- ipcount : [13] - §¨ng NhËp V­ît Qu¸ Sè Acc
TG : 10/01/2022_13:11:18  - ID [ kimngan001 ] - NV : [ BèÙGiµÙGaming ] - hwidcount : [6] - acc : [6] - iplan : [6]- ipcount : [13] - §¨ng NhËp V­ît Qu¸ Sè Acc
TG : 10/01/2022_13:11:40  - ID [ kimngan001 ] - NV : [ BèÙGiµÙGaming ] - hwidcount : [6] - acc : [6] - iplan : [6]- ipcount : [13] - §¨ng NhËp V­ît Qu¸ Sè Acc
TG : 10/01/2022_13:12:10  - ID [ kimngan001 ] - NV : [ BèÙGiµÙGaming ] - hwidcount : [6] - acc : [6] - iplan : [6]- ipcount : [13] - §¨ng NhËp V­ît Qu¸ Sè Acc
TG : 10/01/2022_13:12:38  - ID [ kimngan001 ] - NV : [ BèÙGiµÙGaming ] - hwidcount : [6] - acc : [6] - iplan : [6]- ipcount : [13] - §¨ng NhËp V­ît Qu¸ Sè Acc
TG : 10/01/2022_13:13:04  - ID [ kimngan001 ] - NV : [ BèÙGiµÙGaming ] - hwidcount : [6] - acc : [6] - iplan : [6]- ipcount : [13] - §¨ng NhËp V­ît Qu¸ Sè Acc
TG : 10/01/2022_13:13:54  - ID [ kimngan001 ] - NV : [ BèÙGiµÙGaming ] - hwidcount : [6] - acc : [6] - iplan : [6]- ipcount : [13] - §¨ng NhËp V­ît Qu¸ Sè Acc
TG : 10/01/2022_13:17:10  - ID [ kimngan006 ] - NV : [ BèÙGiµÙ5 ] - hwidcount : [6] - acc : [6] - iplan : [6]- ipcount : [13] - §¨ng NhËp V­ît Qu¸ Sè Acc
TG : 10/01/2022_13:19:44  - ID [ binhyen ] - NV : [ TesstCBB ] - hwidcount : [2] - acc : [2] - iplan : [2]- ipcount : [13] - §¨ng NhËp V­ît Qu¸ Sè Acc
TG : 10/01/2022_13:20:13  - ID [ binhyen ] - NV : [ TesstCBB ] - hwidcount : [2] - acc : [2] - iplan : [2]- ipcount : [13] - §¨ng NhËp V­ît Qu¸ Sè Acc
TG : 10/01/2022_13:20:56  - ID [ binhyen ] - NV : [ TesstCBB ] - hwidcount : [2] - acc : [2] - iplan : [2]- ipcount : [13] - §¨ng NhËp V­ît Qu¸ Sè Acc
TG : 10/01/2022_13:21:53  - ID [ binhyen ] - NV : [ TesstCBB ] - hwidcount : [2] - acc : [2] - iplan : [2]- ipcount : [13] - §¨ng NhËp V­ît Qu¸ Sè Acc
TG : 10/01/2022_13:22:21  - ID [ binhyen ] - NV : [ TesstCBB ] - hwidcount : [2] - acc : [2] - iplan : [2]- ipcount : [13] - §¨ng NhËp V­ît Qu¸ Sè Acc
TG : 10/01/2022_13:31:42  - ID [ kimngan006 ] - NV : [ BèÙGiµÙ5 ] - hwidcount : [6] - acc : [6] - iplan : [6]- ipcount : [13] - §¨ng NhËp V­ît Qu¸ Sè Acc
TG : 10/01/2022_13:32:08  - ID [ kimngan006 ] - NV : [ BèÙGiµÙ5 ] - hwidcount : [6] - acc : [6] - iplan : [6]- ipcount : [13] - §¨ng NhËp V­ît Qu¸ Sè Acc
TG : 10/01/2022_13:45:48  - ID [ binhyen ] - NV : [ TesstCBB ] - hwidcount : [2] - acc : [2] - iplan : [2]- ipcount : [13] - §¨ng NhËp V­ît Qu¸ Sè Acc
TG : 10/01/2022_13:46:03  - ID [ kimngan006 ] - NV : [ BèÙGiµÙ5 ] - hwidcount : [6] - acc : [6] - iplan : [6]- ipcount : [13] - §¨ng NhËp V­ît Qu¸ Sè Acc
TG : 10/01/2022_13:46:21  - ID [ binhyen ] - NV : [ TesstCBB ] - hwidcount : [2] - acc : [2] - iplan : [2]- ipcount : [13] - §¨ng NhËp V­ît Qu¸ Sè Acc
TG : 10/01/2022_13:47:26  - ID [ binhyen ] - NV : [ TesstCBB ] - hwidcount : [2] - acc : [1] - iplan : [2]- ipcount : [13] - §¨ng NhËp V­ît Qu¸ Sè Acc
TG : 10/01/2022_13:48:28  - ID [ binhyen ] - NV : [ TesstCBB ] - hwidcount : [2] - acc : [2] - iplan : [2]- ipcount : [13] - §¨ng NhËp V­ît Qu¸ Sè Acc
TG : 10/01/2022_13:49:20  - ID [ binhyen ] - NV : [ TesstCBB ] - hwidcount : [2] - acc : [2] - iplan : [2]- ipcount : [13] - §¨ng NhËp V­ît Qu¸ Sè Acc
TG : 10/01/2022_13:50:57  - ID [ binhyen ] - NV : [ TesstCBB ] - hwidcount : [2] - acc : [2] - iplan : [2]- ipcount : [13] - §¨ng NhËp V­ît Qu¸ Sè Acc
TG : 10/01/2022_13:51:13  - ID [ binhyen ] - NV : [ TesstCBB ] - hwidcount : [2] - acc : [2] - iplan : [2]- ipcount : [13] - §¨ng NhËp V­ît Qu¸ Sè Acc
TG : 10/01/2022_13:53:22  - ID [ binhyen ] - NV : [ TesstCBB ] - hwidcount : [2] - acc : [2] - iplan : [2]- ipcount : [13] - §¨ng NhËp V­ît Qu¸ Sè Acc
TG : 10/01/2022_13:54:25  - ID [ kimngan006 ] - NV : [ BèÙGiµÙ5 ] - hwidcount : [6] - acc : [6] - iplan : [6]- ipcount : [14] - §¨ng NhËp V­ît Qu¸ Sè Acc
TG : 10/01/2022_14:25:46  - ID [ kimngan006 ] - NV : [ BèÙGiµÙ5 ] - hwidcount : [6] - acc : [6] - iplan : [6]- ipcount : [13] - §¨ng NhËp V­ît Qu¸ Sè Acc
TG : 10/01/2022_16:16:41  - ID [ kimngan004 ] - NV : [ BèÙGiµÙ3 ] - hwidcount : [1] - acc : [232] - iplan : [1]- ipcount : [7] - §¨ng NhËp V­ît Qu¸ Sè Acc
TG : 10/01/2022_16:16:48  - ID [ kimngan005 ] - NV : [ BèÙGiµÙ4 ] - hwidcount : [1] - acc : [232] - iplan : [1]- ipcount : [7] - §¨ng NhËp V­ît Qu¸ Sè Acc
TG : 10/01/2022_16:16:59  - ID [ kimngan003 ] - NV : [ BèÙGiµÙ2 ] - hwidcount : [1] - acc : [232] - iplan : [1]- ipcount : [7] - §¨ng NhËp V­ît Qu¸ Sè Acc
TG : 10/01/2022_16:17:02  - ID [ kimngan002 ] - NV : [ BèÙGiµÙ1 ] - hwidcount : [2] - acc : [232] - iplan : [2]- ipcount : [8] - §¨ng NhËp V­ît Qu¸ Sè Acc
TG : 10/01/2022_16:17:12  - ID [ kimngan001 ] - NV : [ BèÙGiµÙGaming ] - hwidcount : [3] - acc : [232] - iplan : [3]- ipcount : [9] - §¨ng NhËp V­ît Qu¸ Sè Acc
TG : 10/01/2022_16:36:48  - ID [ kimngan006 ] - NV : [ BèÙGiµÙ5 ] - hwidcount : [6] - acc : [6] - iplan : [6]- ipcount : [13] - §¨ng NhËp V­ît Qu¸ Sè Acc
TG : 10/01/2022_16:37:07  - ID [ binhyen ] - NV : [ TestTYD ] - hwidcount : [1] - acc : [1] - iplan : [1]- ipcount : [13] - §¨ng NhËp V­ît Qu¸ Sè Acc
TG : 10/01/2022_17:00:12  - ID [ kimngan006 ] - NV : [ BèÙGiµÙ5 ] - hwidcount : [6] - acc : [1] - iplan : [6]- ipcount : [13] - §¨ng NhËp V­ît Qu¸ Sè Acc
TG : 10/01/2022_17:01:19  - ID [ kimngan006 ] - NV : [ BèÙGiµÙ5 ] - hwidcount : [6] - acc : [1] - iplan : [6]- ipcount : [13] - §¨ng NhËp V­ît Qu¸ Sè Acc
TG : 10/01/2022_17:03:08  - ID [ kimngan006 ] - NV : [ BèÙGiµÙ5 ] - hwidcount : [6] - acc : [1] - iplan : [6]- ipcount : [13] - §¨ng NhËp V­ît Qu¸ Sè Acc
TG : 10/01/2022_17:03:56  - ID [ kimngan006 ] - NV : [ BèÙGiµÙ5 ] - hwidcount : [6] - acc : [1] - iplan : [6]- ipcount : [13] - §¨ng NhËp V­ît Qu¸ Sè Acc
TG : 10/01/2022_18:41:17  - ID [ kimngan005 ] - NV : [ BèÙGiµÙ4 ] - hwidcount : [6] - acc : [232] - iplan : [6]- ipcount : [7] - §¨ng NhËp V­ît Qu¸ Sè Acc
TG : 10/01/2022_19:04:35  - ID [ baogiab52 ] - NV : [ TLbaogiab52 ] - hwidcount : [4] - acc : [232] - iplan : [4]- ipcount : [4] - §¨ng NhËp V­ît Qu¸ Sè Acc
