TG : 10/05/2022_09:57:08  - ID [ lamtay2 ] - NV : [ JxÙTest02 ] - hwidcount : [3] - acc : [3] - iplan : [3]- ipcount : [13] - §¨ng NhËp V­ît Qu¸ Sè Acc
TG : 10/05/2022_09:57:15  - ID [ thuong4 ] - NV : [ ¡nÙChayÙNgñÙMÆn ] - hwidcount : [4] - acc : [4] - iplan : [4]- ipcount : [13] - §¨ng NhËp V­ît Qu¸ Sè Acc
TG : 10/05/2022_09:57:32  - ID [ lamtay2 ] - NV : [ JxÙTest02 ] - hwidcount : [3] - acc : [3] - iplan : [4]- ipcount : [13] - §¨ng NhËp V­ît Qu¸ Sè Acc
TG : 10/05/2022_09:57:49  - ID [ thuong4 ] - NV : [ ¡nÙChayÙNgñÙMÆn ] - hwidcount : [4] - acc : [4] - iplan : [4]- ipcount : [13] - §¨ng NhËp V­ît Qu¸ Sè Acc
TG : 10/05/2022_09:59:06  - ID [ thuong4 ] - NV : [ ¡nÙChayÙNgñÙMÆn ] - hwidcount : [4] - acc : [1] - iplan : [4]- ipcount : [13] - §¨ng NhËp V­ît Qu¸ Sè Acc
TG : 10/05/2022_10:53:32  - ID [ lilanger ] - NV : [ ConGµNhÐp ] - hwidcount : [1] - acc : [1] - iplan : [1]- ipcount : [13] - §¨ng NhËp V­ît Qu¸ Sè Acc
TG : 10/05/2022_10:54:56  - ID [ nkbinh ] - NV : [ B×nhÙKhïng ] - hwidcount : [1] - acc : [1] - iplan : [3]- ipcount : [13] - §¨ng NhËp V­ît Qu¸ Sè Acc
TG : 10/05/2022_10:55:36  - ID [ nkbinh ] - NV : [ B×nhÙKhïng ] - hwidcount : [1] - acc : [1] - iplan : [3]- ipcount : [13] - §¨ng NhËp V­ît Qu¸ Sè Acc
TG : 10/05/2022_10:56:02  - ID [ nkbinh ] - NV : [ B×nhÙKhïng ] - hwidcount : [1] - acc : [1] - iplan : [3]- ipcount : [13] - §¨ng NhËp V­ît Qu¸ Sè Acc
TG : 10/05/2022_11:16:30  - ID [ lethanhson1993 ] - NV : [ 70ÙPinÙNguyÔn ] - hwidcount : [1] - acc : [1] - iplan : [1]- ipcount : [13] - §¨ng NhËp V­ît Qu¸ Sè Acc
TG : 10/05/2022_11:17:30  - ID [ lethanhson1994 ] - NV : [ VâÙ§ang ] - hwidcount : [2] - acc : [2] - iplan : [2]- ipcount : [14] - §¨ng NhËp V­ît Qu¸ Sè Acc
TG : 10/05/2022_11:19:54  - ID [ lethanhson1997 ] - NV : [ ThiÕuÙL©m ] - hwidcount : [5] - acc : [5] - iplan : [5]- ipcount : [13] - §¨ng NhËp V­ît Qu¸ Sè Acc
TG : 10/05/2022_11:20:06  - ID [ lethanhson1998 ] - NV : [ conlon ] - hwidcount : [6] - acc : [6] - iplan : [6]- ipcount : [14] - §¨ng NhËp V­ît Qu¸ Sè Acc
TG : 10/05/2022_11:22:39  - ID [ thuong2 ] - NV : [ G¸iGäiCaoCÊp ] - hwidcount : [1] - acc : [1] - iplan : [1]- ipcount : [13] - §¨ng NhËp V­ît Qu¸ Sè Acc
TG : 10/05/2022_11:23:02  - ID [ thuong2 ] - NV : [ G¸iGäiCaoCÊp ] - hwidcount : [1] - acc : [1] - iplan : [1]- ipcount : [13] - §¨ng NhËp V­ît Qu¸ Sè Acc
TG : 10/05/2022_11:23:58  - ID [ thuong2 ] - NV : [ G¸iGäiCaoCÊp ] - hwidcount : [1] - acc : [1] - iplan : [1]- ipcount : [13] - §¨ng NhËp V­ît Qu¸ Sè Acc
TG : 10/05/2022_11:24:48  - ID [ thuong2 ] - NV : [ G¸iGäiCaoCÊp ] - hwidcount : [1] - acc : [1] - iplan : [1]- ipcount : [13] - §¨ng NhËp V­ît Qu¸ Sè Acc
TG : 10/05/2022_11:25:31  - ID [ thuong123 ] - NV : [ HoaHËuB¸nD©m ] - hwidcount : [1] - acc : [1] - iplan : [1]- ipcount : [13] - §¨ng NhËp V­ît Qu¸ Sè Acc
TG : 10/05/2022_11:29:16  - ID [ lethanhson1997 ] - NV : [ ThiÕuÙL©m ] - hwidcount : [5] - acc : [5] - iplan : [5]- ipcount : [13] - §¨ng NhËp V­ît Qu¸ Sè Acc
TG : 10/05/2022_11:29:28  - ID [ lethanhson1998 ] - NV : [ conlon ] - hwidcount : [6] - acc : [6] - iplan : [6]- ipcount : [14] - §¨ng NhËp V­ît Qu¸ Sè Acc
TG : 10/05/2022_11:29:44  - ID [ thuong2 ] - NV : [ G¸iGäiCaoCÊp ] - hwidcount : [1] - acc : [1] - iplan : [1]- ipcount : [15] - §¨ng NhËp V­ît Qu¸ Sè Acc
TG : 10/05/2022_11:30:55  - ID [ lethanhson1997 ] - NV : [ ThiÕuÙL©m ] - hwidcount : [6] - acc : [2] - iplan : [6]- ipcount : [13] - §¨ng NhËp V­ît Qu¸ Sè Acc
TG : 10/05/2022_11:31:07  - ID [ lethanhson1998 ] - NV : [ conlon ] - hwidcount : [6] - acc : [2] - iplan : [6]- ipcount : [13] - §¨ng NhËp V­ît Qu¸ Sè Acc
TG : 10/05/2022_11:32:45  - ID [ lethanhson1998 ] - NV : [ conlon ] - hwidcount : [6] - acc : [2] - iplan : [6]- ipcount : [13] - §¨ng NhËp V­ît Qu¸ Sè Acc
TG : 10/05/2022_11:54:03  - ID [ kevin109 ] - NV : [ KevinTran ] - hwidcount : [1] - acc : [1] - iplan : [2]- ipcount : [13] - §¨ng NhËp V­ît Qu¸ Sè Acc
TG : 10/05/2022_11:54:53  - ID [ lethanhson1998 ] - NV : [ conlon ] - hwidcount : [6] - acc : [2] - iplan : [6]- ipcount : [14] - §¨ng NhËp V­ît Qu¸ Sè Acc
TG : 10/05/2022_11:55:41  - ID [ lethanhson1998 ] - NV : [ conlon ] - hwidcount : [6] - acc : [1] - iplan : [6]- ipcount : [13] - §¨ng NhËp V­ît Qu¸ Sè Acc
TG : 10/05/2022_11:56:46  - ID [ 00caytien ] - NV : [ NSNDÙDMPD ] - hwidcount : [1] - acc : [1] - iplan : [1]- ipcount : [14] - §¨ng NhËp V­ît Qu¸ Sè Acc
TG : 10/05/2022_11:59:25  - ID [ lethanhson1998 ] - NV : [ conlon ] - hwidcount : [6] - acc : [1] - iplan : [6]- ipcount : [13] - §¨ng NhËp V­ît Qu¸ Sè Acc
TG : 10/05/2022_12:00:08  - ID [ lethanhson1998 ] - NV : [ conlon ] - hwidcount : [6] - acc : [1] - iplan : [6]- ipcount : [13] - §¨ng NhËp V­ît Qu¸ Sè Acc
TG : 10/05/2022_12:04:32  - ID [ lethanhson1998 ] - NV : [ conlon ] - hwidcount : [6] - acc : [6] - iplan : [6]- ipcount : [13] - §¨ng NhËp V­ît Qu¸ Sè Acc
TG : 10/05/2022_12:16:03  - ID [ lethanhson1998 ] - NV : [ conlon ] - hwidcount : [6] - acc : [6] - iplan : [6]- ipcount : [13] - §¨ng NhËp V­ît Qu¸ Sè Acc
TG : 10/05/2022_12:18:30  - ID [ kevin109 ] - NV : [ KevinTran ] - hwidcount : [1] - acc : [1] - iplan : [2]- ipcount : [13] - §¨ng NhËp V­ît Qu¸ Sè Acc
TG : 10/05/2022_12:19:22  - ID [ kevin109 ] - NV : [ KevinTran ] - hwidcount : [1] - acc : [1] - iplan : [2]- ipcount : [13] - §¨ng NhËp V­ît Qu¸ Sè Acc
TG : 10/05/2022_12:19:33  - ID [ kevin1 ] - NV : [ dsadasdsadsad ] - hwidcount : [2] - acc : [2] - iplan : [3]- ipcount : [14] - §¨ng NhËp V­ît Qu¸ Sè Acc
TG : 10/05/2022_12:28:17  - ID [ lethanhson1998 ] - NV : [ conlon ] - hwidcount : [6] - acc : [6] - iplan : [6]- ipcount : [13] - §¨ng NhËp V­ît Qu¸ Sè Acc
TG : 10/05/2022_12:30:58  - ID [ lethanhson1998 ] - NV : [ conlon ] - hwidcount : [6] - acc : [1] - iplan : [6]- ipcount : [13] - §¨ng NhËp V­ît Qu¸ Sè Acc
TG : 10/05/2022_12:32:40  - ID [ lethanhson1993 ] - NV : [ 70ÙPinÙNguyÔn ] - hwidcount : [5] - acc : [1] - iplan : [5]- ipcount : [13] - §¨ng NhËp V­ît Qu¸ Sè Acc
TG : 10/05/2022_12:32:43  - ID [ lamtay1 ] - NV : [ JxÙTest01 ] - hwidcount : [2] - acc : [2] - iplan : [3]- ipcount : [14] - §¨ng NhËp V­ît Qu¸ Sè Acc
TG : 10/05/2022_12:33:22  - ID [ lethanhson1998 ] - NV : [ conlon ] - hwidcount : [5] - acc : [1] - iplan : [5]- ipcount : [13] - §¨ng NhËp V­ît Qu¸ Sè Acc
TG : 10/05/2022_12:37:56  - ID [ lamtay4 ] - NV : [ JxÙTest04 ] - hwidcount : [5] - acc : [5] - iplan : [6]- ipcount : [13] - §¨ng NhËp V­ît Qu¸ Sè Acc
TG : 10/05/2022_12:38:19  - ID [ lamtay4 ] - NV : [ JxÙTest04 ] - hwidcount : [5] - acc : [5] - iplan : [6]- ipcount : [13] - §¨ng NhËp V­ît Qu¸ Sè Acc
TG : 10/05/2022_12:38:22  - ID [ lethanhson1994 ] - NV : [ VâÙ§ang ] - hwidcount : [2] - acc : [2] - iplan : [2]- ipcount : [13] - §¨ng NhËp V­ît Qu¸ Sè Acc
TG : 10/05/2022_12:39:16  - ID [ lamtay4 ] - NV : [ JxÙTest04 ] - hwidcount : [5] - acc : [5] - iplan : [6]- ipcount : [13] - §¨ng NhËp V­ît Qu¸ Sè Acc
TG : 10/05/2022_12:45:50  - ID [ lamtay3 ] - NV : [ JxÙTest03 ] - hwidcount : [6] - acc : [6] - iplan : [7]- ipcount : [13] - §¨ng NhËp V­ît Qu¸ Sè Acc
TG : 10/05/2022_12:53:03  - ID [ lamtay1 ] - NV : [ JxÙTest01 ] - hwidcount : [6] - acc : [6] - iplan : [7]- ipcount : [13] - §¨ng NhËp V­ît Qu¸ Sè Acc
TG : 10/05/2022_13:40:05  - ID [ kimngan001 ] - NV : [ ChóÙTiÓuÙ ] - hwidcount : [1] - acc : [1] - iplan : [1]- ipcount : [13] - §¨ng NhËp V­ît Qu¸ Sè Acc
TG : 10/05/2022_13:40:17  - ID [ kimngan002 ] - NV : [ ChóÙTiÓuÙ01 ] - hwidcount : [2] - acc : [2] - iplan : [2]- ipcount : [14] - §¨ng NhËp V­ît Qu¸ Sè Acc
TG : 10/05/2022_13:41:39  - ID [ kimngan001 ] - NV : [ ChóÙTiÓuÙ ] - hwidcount : [1] - acc : [1] - iplan : [1]- ipcount : [13] - §¨ng NhËp V­ît Qu¸ Sè Acc
TG : 10/05/2022_15:18:20  - ID [ lehonggiau1 ] - NV : [ leepinkjau1 ] - hwidcount : [1] - acc : [1] - iplan : [1]- ipcount : [13] - §¨ng NhËp V­ît Qu¸ Sè Acc
TG : 10/05/2022_15:19:21  - ID [ lehonggiau1 ] - NV : [ leepinkjau1 ] - hwidcount : [1] - acc : [1] - iplan : [1]- ipcount : [13] - §¨ng NhËp V­ît Qu¸ Sè Acc
TG : 10/05/2022_15:20:48  - ID [ lehonggiau2 ] - NV : [ lehonggiau1 ] - hwidcount : [1] - acc : [1] - iplan : [1]- ipcount : [13] - §¨ng NhËp V­ît Qu¸ Sè Acc
TG : 10/05/2022_15:24:48  - ID [ lehonggiau1 ] - NV : [ leepinkjau1 ] - hwidcount : [1] - acc : [1] - iplan : [1]- ipcount : [13] - §¨ng NhËp V­ît Qu¸ Sè Acc
TG : 10/05/2022_15:28:07  - ID [ lechitampi3 ] - NV : [ 72ÙTLBTK ] - hwidcount : [6] - acc : [6] - iplan : [6]- ipcount : [13] - §¨ng NhËp V­ît Qu¸ Sè Acc
TG : 10/05/2022_15:32:21  - ID [ lechitampi3 ] - NV : [ 72ÙTLBTK ] - hwidcount : [6] - acc : [6] - iplan : [6]- ipcount : [13] - §¨ng NhËp V­ît Qu¸ Sè Acc
TG : 10/05/2022_15:33:32  - ID [ lechitampi3 ] - NV : [ 72ÙTLBTK ] - hwidcount : [6] - acc : [6] - iplan : [6]- ipcount : [13] - §¨ng NhËp V­ît Qu¸ Sè Acc
TG : 10/05/2022_15:33:42  - ID [ lehonggiau2 ] - NV : [ lehonggiau1 ] - hwidcount : [2] - acc : [2] - iplan : [2]- ipcount : [14] - §¨ng NhËp V­ît Qu¸ Sè Acc
TG : 10/05/2022_15:34:48  - ID [ lehonggiau1 ] - NV : [ VungÙTauÙReal1 ] - hwidcount : [2] - acc : [2] - iplan : [2]- ipcount : [13] - §¨ng NhËp V­ît Qu¸ Sè Acc
TG : 10/05/2022_15:40:41  - ID [ lechitampi3 ] - NV : [ 72ÙTLBTK ] - hwidcount : [6] - acc : [6] - iplan : [6]- ipcount : [13] - §¨ng NhËp V­ît Qu¸ Sè Acc
TG : 10/05/2022_15:41:04  - ID [ lehonggiau2 ] - NV : [ lehonggiau1 ] - hwidcount : [2] - acc : [2] - iplan : [2]- ipcount : [13] - §¨ng NhËp V­ît Qu¸ Sè Acc
TG : 10/05/2022_15:53:58  - ID [ lehonggiau2 ] - NV : [ lehonggiau1 ] - hwidcount : [2] - acc : [2] - iplan : [2]- ipcount : [13] - §¨ng NhËp V­ît Qu¸ Sè Acc
TG : 10/05/2022_15:54:18  - ID [ lechitampi5 ] - NV : [ 72ÙTND ] - hwidcount : [6] - acc : [6] - iplan : [6]- ipcount : [14] - §¨ng NhËp V­ît Qu¸ Sè Acc
TG : 10/05/2022_15:57:21  - ID [ lechitampi5 ] - NV : [ 72ÙTND ] - hwidcount : [6] - acc : [6] - iplan : [6]- ipcount : [13] - §¨ng NhËp V­ît Qu¸ Sè Acc
TG : 10/05/2022_16:10:33  - ID [ lechitampi5 ] - NV : [ 72ÙTND ] - hwidcount : [6] - acc : [6] - iplan : [6]- ipcount : [13] - §¨ng NhËp V­ît Qu¸ Sè Acc
TG : 10/05/2022_16:25:28  - ID [ xuxu05 ] - NV : [ BèL¸oÙTL ] - hwidcount : [7] - acc : [6] - iplan : [7]- ipcount : [7] - §¨ng NhËp V­ît Qu¸ Sè Acc
TG : 10/05/2022_16:27:19  - ID [ xuxu05 ] - NV : [ BèL¸oÙTL ] - hwidcount : [7] - acc : [6] - iplan : [7]- ipcount : [7] - §¨ng NhËp V­ît Qu¸ Sè Acc
TG : 10/05/2022_16:27:53  - ID [ xuxu05 ] - NV : [ BèL¸oÙTL ] - hwidcount : [7] - acc : [6] - iplan : [7]- ipcount : [7] - §¨ng NhËp V­ît Qu¸ Sè Acc
TG : 10/05/2022_16:33:20  - ID [ lamtay3 ] - NV : [ JxÙTest03 ] - hwidcount : [3] - acc : [232] - iplan : [4]- ipcount : [4] - §¨ng NhËp V­ît Qu¸ Sè Acc
TG : 10/05/2022_16:33:20  - ID [ lamtay4 ] - NV : [ JxÙTest04 ] - hwidcount : [4] - acc : [232] - iplan : [5]- ipcount : [5] - §¨ng NhËp V­ît Qu¸ Sè Acc
TG : 10/05/2022_16:33:23  - ID [ lamtay2 ] - NV : [ JxÙTest02 ] - hwidcount : [6] - acc : [232] - iplan : [7]- ipcount : [7] - §¨ng NhËp V­ît Qu¸ Sè Acc
TG : 10/05/2022_17:09:59  - ID [ lamtay ] - NV : [ JxÙTest ] - hwidcount : [6] - acc : [232] - iplan : [8]- ipcount : [8] - §¨ng NhËp V­ît Qu¸ Sè Acc
TG : 10/05/2022_17:10:01  - ID [ lamtay5 ] - NV : [ JxÙTest05 ] - hwidcount : [6] - acc : [232] - iplan : [8]- ipcount : [8] - §¨ng NhËp V­ît Qu¸ Sè Acc
TG : 10/05/2022_17:13:11  - ID [ lamtay1 ] - NV : [ JxÙTest01 ] - hwidcount : [4] - acc : [232] - iplan : [4]- ipcount : [4] - §¨ng NhËp V­ît Qu¸ Sè Acc
TG : 10/05/2022_17:47:06  - ID [ lamtay2 ] - NV : [ JxÙTest02 ] - hwidcount : [2] - acc : [232] - iplan : [2]- ipcount : [2] - §¨ng NhËp V­ît Qu¸ Sè Acc
TG : 10/05/2022_17:47:06  - ID [ lamtay3 ] - NV : [ JxÙTest03 ] - hwidcount : [4] - acc : [232] - iplan : [4]- ipcount : [4] - §¨ng NhËp V­ît Qu¸ Sè Acc
TG : 10/05/2022_17:47:09  - ID [ lamtay4 ] - NV : [ JxÙTest04 ] - hwidcount : [5] - acc : [232] - iplan : [5]- ipcount : [5] - §¨ng NhËp V­ît Qu¸ Sè Acc
